<?xml version="1.0" encoding="UTF-8"?>
<testsuite xmlns:xsi="http://www.w3.org/2001/XMLSchema-instance" xsi:noNamespaceSchemaLocation="https://maven.apache.org/surefire/maven-surefire-plugin/xsd/surefire-test-report-3.0.xsd" version="3.0" name="buildchallengePartA.ProducerTest" time="0.724" tests="3" errors="0" skipped="0" failures="0">
  <properties>
[...]
</properties>
  <testcase name="testProducerWithSmallQueue" classname="buildchallengePartA.ProducerTest" time="0.304">
    <system-out><![CDATA[Thread-11 - Added: 1 | Queue size: 1
Thread-11 - Added: 2 | Queue size: 2
Thread-11 - Queue FULL, waiting...
main - Removed: 1 | Queue size: 1
main - Removed: 2 | Queue size: 0
main - Queue EMPTY, waiting...
Thread-11 - Added: 3 | Queue size: 1
Thread-11 - Added: 4 | Queue size: 2
Thread-11 - Queue FULL, waiting...
main - Removed: 3 | Queue size: 1
main - Removed: 4 | Queue size: 0
main - Queue EMPTY, waiting...
Thread-11 - Added: 5 | Queue size: 1
main - Removed: 5 | Queue size: 0
]]></system-out>
  </testcase>
  <testcase name="testProducerWithEmptySource" classname="buildchallengePartA.ProducerTest" time="0.001">
    <system-out><![CDATA[
[PRODUCER] Finished - All items produced
]]></system-out>
  </testcase>
  <testcase name="testProducerReadsAllItems" classname="buildchallengePartA.ProducerTest" time="0.417">
    <system-out><![CDATA[
[PRODUCER] Reading from source: A
Thread-13 - Added: A | Queue size: 1

[PRODUCER] Reading from source: B
Thread-13 - Added: B | Queue size: 2

[PRODUCER] Reading from source: C
Thread-13 - Added: C | Queue size: 3

[PRODUCER] Reading from source: D
Thread-13 - Added: D | Queue size: 4

[PRODUCER] Finished - All items produced
]]></system-out>
  </testcase>
</testsuite>