<?xml version="1.0" encoding="UTF-8"?>
<testsuite xmlns:xsi="http://www.w3.org/2001/XMLSchema-instance" xsi:noNamespaceSchemaLocation="https://maven.apache.org/surefire/maven-surefire-plugin/xsd/surefire-test-report-3.0.xsd" version="3.0" name="buildchallengePartA.CustomBlockingQueueTest" time="5.368" tests="7" errors="0" skipped="0" failures="0">
  <properties>
[...]
</properties>
  <testcase name="testFIFOOrdering" classname="buildchallengePartA.CustomBlockingQueueTest" time="0.019">
    <system-out><![CDATA[main - Added: First | Queue size: 1
main - Added: Second | Queue size: 2
main - Added: Third | Queue size: 3
main - Removed: First | Queue size: 2
main - Removed: Second | Queue size: 1
main - Removed: Third | Queue size: 0
]]></system-out>
  </testcase>
  <testcase name="testConcurrentPuts" classname="buildchallengePartA.CustomBlockingQueueTest" time="5.014">
    <system-out><![CDATA[Thread-1 - Added: 0 | Queue size: 1
Thread-1 - Added: 1 | Queue size: 2
Thread-1 - Added: 2 | Queue size: 3
Thread-1 - Added: 3 | Queue size: 4
Thread-1 - Added: 4 | Queue size: 5
Thread-1 - Added: 5 | Queue size: 6
Thread-1 - Added: 6 | Queue size: 7
Thread-1 - Added: 7 | Queue size: 8
Thread-1 - Added: 8 | Queue size: 9
Thread-1 - Added: 9 | Queue size: 10
Thread-2 - Queue FULL, waiting...
Thread-3 - Queue FULL, waiting...
Thread-4 - Queue FULL, waiting...
Thread-5 - Queue FULL, waiting...
main - Removed: 0 | Queue size: 9
Thread-2 - Added: 100 | Queue size: 10
Thread-2 - Queue FULL, waiting...
main - Removed: 1 | Queue size: 9
main - Removed: 2 | Queue size: 8
main - Removed: 3 | Queue size: 7
main - Removed: 4 | Queue size: 6
main - Removed: 5 | Queue size: 5
main - Removed: 6 | Queue size: 4
main - Removed: 7 | Queue size: 3
main - Removed: 8 | Queue size: 2
main - Removed: 9 | Queue size: 1
main - Removed: 100 | Queue size: 0
main - Queue EMPTY, waiting...
Thread-3 - Added: 200 | Queue size: 1
Thread-3 - Added: 201 | Queue size: 2
Thread-3 - Added: 202 | Queue size: 3
Thread-3 - Added: 203 | Queue size: 4
Thread-3 - Added: 204 | Queue size: 5
Thread-3 - Added: 205 | Queue size: 6
Thread-3 - Added: 206 | Queue size: 7
Thread-3 - Added: 207 | Queue size: 8
Thread-3 - Added: 208 | Queue size: 9
Thread-3 - Added: 209 | Queue size: 10
Thread-4 - Queue FULL, waiting...
Thread-5 - Queue FULL, waiting...
Thread-2 - Queue FULL, waiting...
main - Removed: 200 | Queue size: 9
main - Removed: 201 | Queue size: 8
main - Removed: 202 | Queue size: 7
main - Removed: 203 | Queue size: 6
main - Removed: 204 | Queue size: 5
main - Removed: 205 | Queue size: 4
main - Removed: 206 | Queue size: 3
main - Removed: 207 | Queue size: 2
main - Removed: 208 | Queue size: 1
main - Removed: 209 | Queue size: 0
main - Queue EMPTY, waiting...
Thread-4 - Added: 300 | Queue size: 1
Thread-4 - Added: 301 | Queue size: 2
Thread-4 - Added: 302 | Queue size: 3
Thread-4 - Added: 303 | Queue size: 4
Thread-4 - Added: 304 | Queue size: 5
Thread-4 - Added: 305 | Queue size: 6
Thread-4 - Added: 306 | Queue size: 7
Thread-4 - Added: 307 | Queue size: 8
Thread-4 - Added: 308 | Queue size: 9
Thread-4 - Added: 309 | Queue size: 10
Thread-5 - Queue FULL, waiting...
Thread-2 - Queue FULL, waiting...
main - Removed: 300 | Queue size: 9
main - Removed: 301 | Queue size: 8
main - Removed: 302 | Queue size: 7
main - Removed: 303 | Queue size: 6
main - Removed: 304 | Queue size: 5
main - Removed: 305 | Queue size: 4
main - Removed: 306 | Queue size: 3
main - Removed: 307 | Queue size: 2
main - Removed: 308 | Queue size: 1
main - Removed: 309 | Queue size: 0
Thread-5 - Added: 400 | Queue size: 1
Thread-5 - Added: 401 | Queue size: 2
Thread-5 - Added: 402 | Queue size: 3
Thread-5 - Added: 403 | Queue size: 4
Thread-5 - Added: 404 | Queue size: 5
Thread-5 - Added: 405 | Queue size: 6
Thread-5 - Added: 406 | Queue size: 7
Thread-5 - Added: 407 | Queue size: 8
Thread-5 - Added: 408 | Queue size: 9
Thread-5 - Added: 409 | Queue size: 10
Thread-2 - Queue FULL, waiting...
main - Removed: 400 | Queue size: 9
main - Removed: 401 | Queue size: 8
main - Removed: 402 | Queue size: 7
main - Removed: 403 | Queue size: 6
main - Removed: 404 | Queue size: 5
main - Removed: 405 | Queue size: 4
main - Removed: 406 | Queue size: 3
main - Removed: 407 | Queue size: 2
main - Removed: 408 | Queue size: 1
main - Removed: 409 | Queue size: 0
Thread-2 - Added: 101 | Queue size: 1
Thread-2 - Added: 102 | Queue size: 2
Thread-2 - Added: 103 | Queue size: 3
Thread-2 - Added: 104 | Queue size: 4
Thread-2 - Added: 105 | Queue size: 5
Thread-2 - Added: 106 | Queue size: 6
Thread-2 - Added: 107 | Queue size: 7
Thread-2 - Added: 108 | Queue size: 8
Thread-2 - Added: 109 | Queue size: 9
main - Removed: 101 | Queue size: 8
main - Removed: 102 | Queue size: 7
main - Removed: 103 | Queue size: 6
main - Removed: 104 | Queue size: 5
main - Removed: 105 | Queue size: 4
main - Removed: 106 | Queue size: 3
main - Removed: 107 | Queue size: 2
main - Removed: 108 | Queue size: 1
main - Removed: 109 | Queue size: 0
]]></system-out>
  </testcase>
  <testcase name="testQueueCapacity" classname="buildchallengePartA.CustomBlockingQueueTest" time="0.002">
    <system-out><![CDATA[main - Added: Item1 | Queue size: 1
main - Added: Item2 | Queue size: 2
main - Added: Item3 | Queue size: 3
]]></system-out>
  </testcase>
  <testcase name="testInterruptionHandling" classname="buildchallengePartA.CustomBlockingQueueTest" time="0.105">
    <system-out><![CDATA[Thread-6 - Queue EMPTY, waiting...
]]></system-out>
    <system-err><![CDATA[Exception in thread "Thread-6" org.opentest4j.AssertionFailedError: expected: <true> but was: <false>
	at org.junit.jupiter.api.AssertionFailureBuilder.build(AssertionFailureBuilder.java:158)
	at org.junit.jupiter.api.AssertionFailureBuilder.buildAndThrow(AssertionFailureBuilder.java:139)
	at org.junit.jupiter.api.AssertTrue.failNotTrue(AssertTrue.java:69)
	at org.junit.jupiter.api.AssertTrue.assertTrue(AssertTrue.java:41)
	at org.junit.jupiter.api.AssertTrue.assertTrue(AssertTrue.java:35)
	at org.junit.jupiter.api.Assertions.assertTrue(Assertions.java:195)
	at buildchallengePartA.CustomBlockingQueueTest.lambda$testInterruptionHandling$0(CustomBlockingQueueTest.java:171)
	at java.base/java.lang.Thread.run(Thread.java:1474)
]]></system-err>
  </testcase>
  <testcase name="testBasicPutAndTake" classname="buildchallengePartA.CustomBlockingQueueTest" time="0.001">
    <system-out><![CDATA[main - Added: Item1 | Queue size: 1
main - Added: Item2 | Queue size: 2
main - Removed: Item1 | Queue size: 1
main - Removed: Item2 | Queue size: 0
]]></system-out>
  </testcase>
  <testcase name="testBlockingOnEmptyQueue" classname="buildchallengePartA.CustomBlockingQueueTest" time="0.107">
    <system-out><![CDATA[Thread-7 - Queue EMPTY, waiting...
main - Added: Item1 | Queue size: 1
Thread-7 - Removed: Item1 | Queue size: 0
]]></system-out>
  </testcase>
  <testcase name="testBlockingOnFullQueue" classname="buildchallengePartA.CustomBlockingQueueTest" time="0.104">
    <system-out><![CDATA[main - Added: Item1 | Queue size: 1
main - Added: Item2 | Queue size: 2
main - Added: Item3 | Queue size: 3
Thread-8 - Queue FULL, waiting...
main - Removed: Item1 | Queue size: 2
Thread-8 - Added: Item4 | Queue size: 3
]]></system-out>
  </testcase>
</testsuite>