<?xml version="1.0" encoding="UTF-8"?>
<testsuite xmlns:xsi="http://www.w3.org/2001/XMLSchema-instance" xsi:noNamespaceSchemaLocation="https://maven.apache.org/surefire/maven-surefire-plugin/xsd/surefire-test-report-3.0.xsd" version="3.0" name="buildchallengePartA.ProducerConsumerPerformanceTest" time="0.03" tests="1" errors="0" skipped="0" failures="0">
  <properties>
[...]
</properties>
  <testcase name="testLargeDataset" classname="buildchallengePartA.ProducerConsumerPerformanceTest" time="0.029">
    <system-out><![CDATA[Thread-10 - Queue EMPTY, waiting...
Thread-9 - Added: 0 | Queue size: 1
Thread-9 - Added: 1 | Queue size: 2
Thread-9 - Added: 2 | Queue size: 3
Thread-9 - Added: 3 | Queue size: 4
Thread-9 - Added: 4 | Queue size: 5
Thread-9 - Added: 5 | Queue size: 6
Thread-9 - Added: 6 | Queue size: 7
Thread-9 - Added: 7 | Queue size: 8
Thread-9 - Added: 8 | Queue size: 9
Thread-9 - Added: 9 | Queue size: 10
Thread-9 - Added: 10 | Queue size: 11
Thread-9 - Added: 11 | Queue size: 12
Thread-10 - Removed: 0 | Queue size: 11
Thread-10 - Removed: 1 | Queue size: 10
Thread-9 - Added: 12 | Queue size: 11
Thread-9 - Added: 13 | Queue size: 12
Thread-9 - Added: 14 | Queue size: 13
Thread-9 - Added: 15 | Queue size: 14
Thread-9 - Added: 16 | Queue size: 15
Thread-9 - Added: 17 | Queue size: 16
Thread-9 - Added: 18 | Queue size: 17
Thread-9 - Added: 19 | Queue size: 18
Thread-10 - Removed: 2 | Queue size: 17
Thread-10 - Removed: 3 | Queue size: 16
Thread-10 - Removed: 4 | Queue size: 15
Thread-9 - Added: 20 | Queue size: 16
Thread-9 - Added: 21 | Queue size: 17
Thread-9 - Added: 22 | Queue size: 18
Thread-9 - Added: 23 | Queue size: 19
Thread-9 - Added: 24 | Queue size: 20
Thread-9 - Added: 25 | Queue size: 21
Thread-9 - Added: 26 | Queue size: 22
Thread-9 - Added: 27 | Queue size: 23
Thread-9 - Added: 28 | Queue size: 24
Thread-9 - Added: 29 | Queue size: 25
Thread-10 - Removed: 5 | Queue size: 24
Thread-10 - Removed: 6 | Queue size: 23
Thread-10 - Removed: 7 | Queue size: 22
Thread-10 - Removed: 8 | Queue size: 21
Thread-10 - Removed: 9 | Queue size: 20
Thread-10 - Removed: 10 | Queue size: 19
Thread-10 - Removed: 11 | Queue size: 18
Thread-10 - Removed: 12 | Queue size: 17
Thread-9 - Added: 30 | Queue size: 18
Thread-9 - Added: 31 | Queue size: 19
Thread-9 - Added: 32 | Queue size: 20
Thread-9 - Added: 33 | Queue size: 21
Thread-9 - Added: 34 | Queue size: 22
Thread-9 - Added: 35 | Queue size: 23
Thread-9 - Added: 36 | Queue size: 24
Thread-9 - Added: 37 | Queue size: 25
Thread-9 - Added: 38 | Queue size: 26
Thread-9 - Added: 39 | Queue size: 27
Thread-9 - Added: 40 | Queue size: 28
Thread-9 - Added: 41 | Queue size: 29
Thread-9 - Added: 42 | Queue size: 30
Thread-9 - Added: 43 | Queue size: 31
Thread-9 - Added: 44 | Queue size: 32
Thread-9 - Added: 45 | Queue size: 33
Thread-9 - Added: 46 | Queue size: 34
Thread-9 - Added: 47 | Queue size: 35
Thread-10 - Removed: 13 | Queue size: 34
Thread-10 - Removed: 14 | Queue size: 33
Thread-10 - Removed: 15 | Queue size: 32
Thread-10 - Removed: 16 | Queue size: 31
Thread-10 - Removed: 17 | Queue size: 30
Thread-10 - Removed: 18 | Queue size: 29
Thread-10 - Removed: 19 | Queue size: 28
Thread-10 - Removed: 20 | Queue size: 27
Thread-9 - Added: 48 | Queue size: 28
Thread-9 - Added: 49 | Queue size: 29
Thread-9 - Added: 50 | Queue size: 30
Thread-9 - Added: 51 | Queue size: 31
Thread-9 - Added: 52 | Queue size: 32
Thread-9 - Added: 53 | Queue size: 33
Thread-9 - Added: 54 | Queue size: 34
Thread-9 - Added: 55 | Queue size: 35
Thread-10 - Removed: 21 | Queue size: 34
Thread-10 - Removed: 22 | Queue size: 33
Thread-10 - Removed: 23 | Queue size: 32
Thread-10 - Removed: 24 | Queue size: 31
Thread-10 - Removed: 25 | Queue size: 30
Thread-10 - Removed: 26 | Queue size: 29
Thread-10 - Removed: 27 | Queue size: 28
Thread-10 - Removed: 28 | Queue size: 27
Thread-9 - Added: 56 | Queue size: 28
Thread-9 - Added: 57 | Queue size: 29
Thread-9 - Added: 58 | Queue size: 30
Thread-9 - Added: 59 | Queue size: 31
Thread-9 - Added: 60 | Queue size: 32
Thread-9 - Added: 61 | Queue size: 33
Thread-9 - Added: 62 | Queue size: 34
Thread-9 - Added: 63 | Queue size: 35
Thread-10 - Removed: 29 | Queue size: 34
Thread-10 - Removed: 30 | Queue size: 33
Thread-10 - Removed: 31 | Queue size: 32
Thread-10 - Removed: 32 | Queue size: 31
Thread-10 - Removed: 33 | Queue size: 30
Thread-10 - Removed: 34 | Queue size: 29
Thread-10 - Removed: 35 | Queue size: 28
Thread-10 - Removed: 36 | Queue size: 27
Thread-9 - Added: 64 | Queue size: 28
Thread-9 - Added: 65 | Queue size: 29
Thread-9 - Added: 66 | Queue size: 30
Thread-9 - Added: 67 | Queue size: 31
Thread-9 - Added: 68 | Queue size: 32
Thread-9 - Added: 69 | Queue size: 33
Thread-9 - Added: 70 | Queue size: 34
Thread-9 - Added: 71 | Queue size: 35
Thread-9 - Added: 72 | Queue size: 36
Thread-10 - Removed: 37 | Queue size: 35
Thread-10 - Removed: 38 | Queue size: 34
Thread-10 - Removed: 39 | Queue size: 33
Thread-10 - Removed: 40 | Queue size: 32
Thread-10 - Removed: 41 | Queue size: 31
Thread-10 - Removed: 42 | Queue size: 30
Thread-10 - Removed: 43 | Queue size: 29
Thread-9 - Added: 73 | Queue size: 30
Thread-9 - Added: 74 | Queue size: 31
Thread-9 - Added: 75 | Queue size: 32
Thread-9 - Added: 76 | Queue size: 33
Thread-9 - Added: 77 | Queue size: 34
Thread-9 - Added: 78 | Queue size: 35
Thread-9 - Added: 79 | Queue size: 36
Thread-10 - Removed: 44 | Queue size: 35
Thread-10 - Removed: 45 | Queue size: 34
Thread-10 - Removed: 46 | Queue size: 33
Thread-10 - Removed: 47 | Queue size: 32
Thread-10 - Removed: 48 | Queue size: 31
Thread-10 - Removed: 49 | Queue size: 30
Thread-10 - Removed: 50 | Queue size: 29
Thread-10 - Removed: 51 | Queue size: 28
Thread-9 - Added: 80 | Queue size: 29
Thread-9 - Added: 81 | Queue size: 30
Thread-9 - Added: 82 | Queue size: 31
Thread-9 - Added: 83 | Queue size: 32
Thread-9 - Added: 84 | Queue size: 33
Thread-9 - Added: 85 | Queue size: 34
Thread-9 - Added: 86 | Queue size: 35
Thread-9 - Added: 87 | Queue size: 36
Thread-10 - Removed: 52 | Queue size: 35
Thread-10 - Removed: 53 | Queue size: 34
Thread-10 - Removed: 54 | Queue size: 33
Thread-10 - Removed: 55 | Queue size: 32
Thread-10 - Removed: 56 | Queue size: 31
Thread-10 - Removed: 57 | Queue size: 30
Thread-10 - Removed: 58 | Queue size: 29
Thread-10 - Removed: 59 | Queue size: 28
Thread-9 - Added: 88 | Queue size: 29
Thread-9 - Added: 89 | Queue size: 30
Thread-9 - Added: 90 | Queue size: 31
Thread-9 - Added: 91 | Queue size: 32
Thread-9 - Added: 92 | Queue size: 33
Thread-9 - Added: 93 | Queue size: 34
Thread-9 - Added: 94 | Queue size: 35
Thread-9 - Added: 95 | Queue size: 36
Thread-9 - Added: 96 | Queue size: 37
Thread-10 - Removed: 60 | Queue size: 36
Thread-10 - Removed: 61 | Queue size: 35
Thread-10 - Removed: 62 | Queue size: 34
Thread-10 - Removed: 63 | Queue size: 33
Thread-10 - Removed: 64 | Queue size: 32
Thread-10 - Removed: 65 | Queue size: 31
Thread-10 - Removed: 66 | Queue size: 30
Thread-10 - Removed: 67 | Queue size: 29
Thread-9 - Added: 97 | Queue size: 30
Thread-9 - Added: 98 | Queue size: 31
Thread-9 - Added: 99 | Queue size: 32
Thread-9 - Added: 100 | Queue size: 33
Thread-9 - Added: 101 | Queue size: 34
Thread-9 - Added: 102 | Queue size: 35
Thread-9 - Added: 103 | Queue size: 36
Thread-9 - Added: 104 | Queue size: 37
Thread-9 - Added: 105 | Queue size: 38
Thread-10 - Removed: 68 | Queue size: 37
Thread-10 - Removed: 69 | Queue size: 36
Thread-10 - Removed: 70 | Queue size: 35
Thread-10 - Removed: 71 | Queue size: 34
Thread-10 - Removed: 72 | Queue size: 33
Thread-10 - Removed: 73 | Queue size: 32
Thread-10 - Removed: 74 | Queue size: 31
Thread-10 - Removed: 75 | Queue size: 30
Thread-9 - Added: 106 | Queue size: 31
Thread-9 - Added: 107 | Queue size: 32
Thread-9 - Added: 108 | Queue size: 33
Thread-9 - Added: 109 | Queue size: 34
Thread-9 - Added: 110 | Queue size: 35
Thread-9 - Added: 111 | Queue size: 36
Thread-9 - Added: 112 | Queue size: 37
Thread-9 - Added: 113 | Queue size: 38
Thread-10 - Removed: 76 | Queue size: 37
Thread-10 - Removed: 77 | Queue size: 36
Thread-10 - Removed: 78 | Queue size: 35
Thread-10 - Removed: 79 | Queue size: 34
Thread-10 - Removed: 80 | Queue size: 33
Thread-10 - Removed: 81 | Queue size: 32
Thread-10 - Removed: 82 | Queue size: 31
Thread-10 - Removed: 83 | Queue size: 30
Thread-9 - Added: 114 | Queue size: 31
Thread-9 - Added: 115 | Queue size: 32
Thread-9 - Added: 116 | Queue size: 33
Thread-9 - Added: 117 | Queue size: 34
Thread-9 - Added: 118 | Queue size: 35
Thread-9 - Added: 119 | Queue size: 36
Thread-9 - Added: 120 | Queue size: 37
Thread-9 - Added: 121 | Queue size: 38
Thread-10 - Removed: 84 | Queue size: 37
Thread-10 - Removed: 85 | Queue size: 36
Thread-10 - Removed: 86 | Queue size: 35
Thread-10 - Removed: 87 | Queue size: 34
Thread-10 - Removed: 88 | Queue size: 33
Thread-10 - Removed: 89 | Queue size: 32
Thread-10 - Removed: 90 | Queue size: 31
Thread-10 - Removed: 91 | Queue size: 30
Thread-9 - Added: 122 | Queue size: 31
Thread-9 - Added: 123 | Queue size: 32
Thread-9 - Added: 124 | Queue size: 33
Thread-9 - Added: 125 | Queue size: 34
Thread-9 - Added: 126 | Queue size: 35
Thread-9 - Added: 127 | Queue size: 36
Thread-9 - Added: 128 | Queue size: 37
Thread-9 - Added: 129 | Queue size: 38
Thread-10 - Removed: 92 | Queue size: 37
Thread-10 - Removed: 93 | Queue size: 36
Thread-10 - Removed: 94 | Queue size: 35
Thread-10 - Removed: 95 | Queue size: 34
Thread-10 - Removed: 96 | Queue size: 33
Thread-10 - Removed: 97 | Queue size: 32
Thread-10 - Removed: 98 | Queue size: 31
Thread-10 - Removed: 99 | Queue size: 30
Thread-9 - Added: 130 | Queue size: 31
Thread-9 - Added: 131 | Queue size: 32
Thread-9 - Added: 132 | Queue size: 33
Thread-9 - Added: 133 | Queue size: 34
Thread-9 - Added: 134 | Queue size: 35
Thread-9 - Added: 135 | Queue size: 36
Thread-9 - Added: 136 | Queue size: 37
Thread-9 - Added: 137 | Queue size: 38
Thread-10 - Removed: 100 | Queue size: 37
Thread-10 - Removed: 101 | Queue size: 36
Thread-10 - Removed: 102 | Queue size: 35
Thread-10 - Removed: 103 | Queue size: 34
Thread-10 - Removed: 104 | Queue size: 33
Thread-10 - Removed: 105 | Queue size: 32
Thread-10 - Removed: 106 | Queue size: 31
Thread-10 - Removed: 107 | Queue size: 30
Thread-9 - Added: 138 | Queue size: 31
Thread-9 - Added: 139 | Queue size: 32
Thread-9 - Added: 140 | Queue size: 33
Thread-9 - Added: 141 | Queue size: 34
Thread-9 - Added: 142 | Queue size: 35
Thread-9 - Added: 143 | Queue size: 36
Thread-9 - Added: 144 | Queue size: 37
Thread-9 - Added: 145 | Queue size: 38
Thread-10 - Removed: 108 | Queue size: 37
Thread-10 - Removed: 109 | Queue size: 36
Thread-10 - Removed: 110 | Queue size: 35
Thread-10 - Removed: 111 | Queue size: 34
Thread-10 - Removed: 112 | Queue size: 33
Thread-10 - Removed: 113 | Queue size: 32
Thread-10 - Removed: 114 | Queue size: 31
Thread-10 - Removed: 115 | Queue size: 30
Thread-9 - Added: 146 | Queue size: 31
Thread-9 - Added: 147 | Queue size: 32
Thread-9 - Added: 148 | Queue size: 33
Thread-9 - Added: 149 | Queue size: 34
Thread-9 - Added: 150 | Queue size: 35
Thread-9 - Added: 151 | Queue size: 36
Thread-9 - Added: 152 | Queue size: 37
Thread-9 - Added: 153 | Queue size: 38
Thread-10 - Removed: 116 | Queue size: 37
Thread-10 - Removed: 117 | Queue size: 36
Thread-10 - Removed: 118 | Queue size: 35
Thread-10 - Removed: 119 | Queue size: 34
Thread-10 - Removed: 120 | Queue size: 33
Thread-10 - Removed: 121 | Queue size: 32
Thread-10 - Removed: 122 | Queue size: 31
Thread-10 - Removed: 123 | Queue size: 30
Thread-9 - Added: 154 | Queue size: 31
Thread-9 - Added: 155 | Queue size: 32
Thread-9 - Added: 156 | Queue size: 33
Thread-9 - Added: 157 | Queue size: 34
Thread-9 - Added: 158 | Queue size: 35
Thread-9 - Added: 159 | Queue size: 36
Thread-9 - Added: 160 | Queue size: 37
Thread-9 - Added: 161 | Queue size: 38
Thread-10 - Removed: 124 | Queue size: 37
Thread-10 - Removed: 125 | Queue size: 36
Thread-10 - Removed: 126 | Queue size: 35
Thread-10 - Removed: 127 | Queue size: 34
Thread-10 - Removed: 128 | Queue size: 33
Thread-10 - Removed: 129 | Queue size: 32
Thread-10 - Removed: 130 | Queue size: 31
Thread-10 - Removed: 131 | Queue size: 30
Thread-9 - Added: 162 | Queue size: 31
Thread-9 - Added: 163 | Queue size: 32
Thread-9 - Added: 164 | Queue size: 33
Thread-9 - Added: 165 | Queue size: 34
Thread-9 - Added: 166 | Queue size: 35
Thread-9 - Added: 167 | Queue size: 36
Thread-9 - Added: 168 | Queue size: 37
Thread-9 - Added: 169 | Queue size: 38
Thread-10 - Removed: 132 | Queue size: 37
Thread-10 - Removed: 133 | Queue size: 36
Thread-10 - Removed: 134 | Queue size: 35
Thread-10 - Removed: 135 | Queue size: 34
Thread-10 - Removed: 136 | Queue size: 33
Thread-10 - Removed: 137 | Queue size: 32
Thread-9 - Added: 170 | Queue size: 33
Thread-9 - Added: 171 | Queue size: 34
Thread-9 - Added: 172 | Queue size: 35
Thread-9 - Added: 173 | Queue size: 36
Thread-9 - Added: 174 | Queue size: 37
Thread-9 - Added: 175 | Queue size: 38
Thread-9 - Added: 176 | Queue size: 39
Thread-9 - Added: 177 | Queue size: 40
Thread-9 - Added: 178 | Queue size: 41
Thread-9 - Added: 179 | Queue size: 42
Thread-9 - Added: 180 | Queue size: 43
Thread-9 - Added: 181 | Queue size: 44
Thread-9 - Added: 182 | Queue size: 45
Thread-9 - Added: 183 | Queue size: 46
Thread-9 - Added: 184 | Queue size: 47
Thread-9 - Added: 185 | Queue size: 48
Thread-9 - Added: 186 | Queue size: 49
Thread-10 - Removed: 138 | Queue size: 48
Thread-10 - Removed: 139 | Queue size: 47
Thread-10 - Removed: 140 | Queue size: 46
Thread-10 - Removed: 141 | Queue size: 45
Thread-10 - Removed: 142 | Queue size: 44
Thread-10 - Removed: 143 | Queue size: 43
Thread-10 - Removed: 144 | Queue size: 42
Thread-10 - Removed: 145 | Queue size: 41
Thread-10 - Removed: 146 | Queue size: 40
Thread-10 - Removed: 147 | Queue size: 39
Thread-10 - Removed: 148 | Queue size: 38
Thread-10 - Removed: 149 | Queue size: 37
Thread-10 - Removed: 150 | Queue size: 36
Thread-10 - Removed: 151 | Queue size: 35
Thread-10 - Removed: 152 | Queue size: 34
Thread-10 - Removed: 153 | Queue size: 33
Thread-10 - Removed: 154 | Queue size: 32
Thread-10 - Removed: 155 | Queue size: 31
Thread-10 - Removed: 156 | Queue size: 30
Thread-10 - Removed: 157 | Queue size: 29
Thread-10 - Removed: 158 | Queue size: 28
Thread-10 - Removed: 159 | Queue size: 27
Thread-10 - Removed: 160 | Queue size: 26
Thread-10 - Removed: 161 | Queue size: 25
Thread-10 - Removed: 162 | Queue size: 24
Thread-10 - Removed: 163 | Queue size: 23
Thread-10 - Removed: 164 | Queue size: 22
Thread-10 - Removed: 165 | Queue size: 21
Thread-10 - Removed: 166 | Queue size: 20
Thread-10 - Removed: 167 | Queue size: 19
Thread-10 - Removed: 168 | Queue size: 18
Thread-10 - Removed: 169 | Queue size: 17
Thread-10 - Removed: 170 | Queue size: 16
Thread-10 - Removed: 171 | Queue size: 15
Thread-10 - Removed: 172 | Queue size: 14
Thread-10 - Removed: 173 | Queue size: 13
Thread-10 - Removed: 174 | Queue size: 12
Thread-10 - Removed: 175 | Queue size: 11
Thread-10 - Removed: 176 | Queue size: 10
Thread-10 - Removed: 177 | Queue size: 9
Thread-10 - Removed: 178 | Queue size: 8
Thread-10 - Removed: 179 | Queue size: 7
Thread-10 - Removed: 180 | Queue size: 6
Thread-10 - Removed: 181 | Queue size: 5
Thread-10 - Removed: 182 | Queue size: 4
Thread-10 - Removed: 183 | Queue size: 3
Thread-10 - Removed: 184 | Queue size: 2
Thread-10 - Removed: 185 | Queue size: 1
Thread-10 - Removed: 186 | Queue size: 0
Thread-9 - Added: 187 | Queue size: 1
Thread-9 - Added: 188 | Queue size: 2
Thread-9 - Added: 189 | Queue size: 3
Thread-9 - Added: 190 | Queue size: 4
Thread-9 - Added: 191 | Queue size: 5
Thread-9 - Added: 192 | Queue size: 6
Thread-9 - Added: 193 | Queue size: 7
Thread-9 - Added: 194 | Queue size: 8
Thread-9 - Added: 195 | Queue size: 9
Thread-10 - Removed: 187 | Queue size: 8
Thread-10 - Removed: 188 | Queue size: 7
Thread-10 - Removed: 189 | Queue size: 6
Thread-10 - Removed: 190 | Queue size: 5
Thread-10 - Removed: 191 | Queue size: 4
Thread-10 - Removed: 192 | Queue size: 3
Thread-10 - Removed: 193 | Queue size: 2
Thread-10 - Removed: 194 | Queue size: 1
Thread-10 - Removed: 195 | Queue size: 0
Thread-10 - Queue EMPTY, waiting...
Thread-9 - Added: 196 | Queue size: 1
Thread-9 - Added: 197 | Queue size: 2
Thread-9 - Added: 198 | Queue size: 3
Thread-9 - Added: 199 | Queue size: 4
Thread-9 - Added: 200 | Queue size: 5
Thread-9 - Added: 201 | Queue size: 6
Thread-9 - Added: 202 | Queue size: 7
Thread-9 - Added: 203 | Queue size: 8
Thread-9 - Added: 204 | Queue size: 9
Thread-9 - Added: 205 | Queue size: 10
Thread-10 - Removed: 196 | Queue size: 9
Thread-10 - Removed: 197 | Queue size: 8
Thread-10 - Removed: 198 | Queue size: 7
Thread-10 - Removed: 199 | Queue size: 6
Thread-10 - Removed: 200 | Queue size: 5
Thread-10 - Removed: 201 | Queue size: 4
Thread-10 - Removed: 202 | Queue size: 3
Thread-10 - Removed: 203 | Queue size: 2
Thread-10 - Removed: 204 | Queue size: 1
Thread-9 - Added: 206 | Queue size: 2
Thread-9 - Added: 207 | Queue size: 3
Thread-9 - Added: 208 | Queue size: 4
Thread-9 - Added: 209 | Queue size: 5
Thread-9 - Added: 210 | Queue size: 6
Thread-9 - Added: 211 | Queue size: 7
Thread-9 - Added: 212 | Queue size: 8
Thread-9 - Added: 213 | Queue size: 9
Thread-9 - Added: 214 | Queue size: 10
Thread-10 - Removed: 205 | Queue size: 9
Thread-10 - Removed: 206 | Queue size: 8
Thread-10 - Removed: 207 | Queue size: 7
Thread-10 - Removed: 208 | Queue size: 6
Thread-10 - Removed: 209 | Queue size: 5
Thread-10 - Removed: 210 | Queue size: 4
Thread-10 - Removed: 211 | Queue size: 3
Thread-10 - Removed: 212 | Queue size: 2
Thread-10 - Removed: 213 | Queue size: 1
Thread-10 - Removed: 214 | Queue size: 0
Thread-10 - Queue EMPTY, waiting...
Thread-9 - Added: 215 | Queue size: 1
Thread-9 - Added: 216 | Queue size: 2
Thread-9 - Added: 217 | Queue size: 3
Thread-9 - Added: 218 | Queue size: 4
Thread-10 - Removed: 215 | Queue size: 3
Thread-10 - Removed: 216 | Queue size: 2
Thread-10 - Removed: 217 | Queue size: 1
Thread-10 - Removed: 218 | Queue size: 0
Thread-10 - Queue EMPTY, waiting...
Thread-9 - Added: 219 | Queue size: 1
Thread-9 - Added: 220 | Queue size: 2
Thread-9 - Added: 221 | Queue size: 3
Thread-9 - Added: 222 | Queue size: 4
Thread-9 - Added: 223 | Queue size: 5
Thread-9 - Added: 224 | Queue size: 6
Thread-9 - Added: 225 | Queue size: 7
Thread-9 - Added: 226 | Queue size: 8
Thread-9 - Added: 227 | Queue size: 9
Thread-9 - Added: 228 | Queue size: 10
Thread-9 - Added: 229 | Queue size: 11
Thread-9 - Added: 230 | Queue size: 12
Thread-9 - Added: 231 | Queue size: 13
Thread-10 - Removed: 219 | Queue size: 12
Thread-10 - Removed: 220 | Queue size: 11
Thread-10 - Removed: 221 | Queue size: 10
Thread-10 - Removed: 222 | Queue size: 9
Thread-10 - Removed: 223 | Queue size: 8
Thread-10 - Removed: 224 | Queue size: 7
Thread-10 - Removed: 225 | Queue size: 6
Thread-10 - Removed: 226 | Queue size: 5
Thread-10 - Removed: 227 | Queue size: 4
Thread-10 - Removed: 228 | Queue size: 3
Thread-10 - Removed: 229 | Queue size: 2
Thread-10 - Removed: 230 | Queue size: 1
Thread-10 - Removed: 231 | Queue size: 0
Thread-10 - Queue EMPTY, waiting...
Thread-9 - Added: 232 | Queue size: 1
Thread-9 - Added: 233 | Queue size: 2
Thread-9 - Added: 234 | Queue size: 3
Thread-9 - Added: 235 | Queue size: 4
Thread-9 - Added: 236 | Queue size: 5
Thread-9 - Added: 237 | Queue size: 6
Thread-9 - Added: 238 | Queue size: 7
Thread-9 - Added: 239 | Queue size: 8
Thread-9 - Added: 240 | Queue size: 9
Thread-9 - Added: 241 | Queue size: 10
Thread-9 - Added: 242 | Queue size: 11
Thread-9 - Added: 243 | Queue size: 12
Thread-9 - Added: 244 | Queue size: 13
Thread-10 - Removed: 232 | Queue size: 12
Thread-10 - Removed: 233 | Queue size: 11
Thread-10 - Removed: 234 | Queue size: 10
Thread-10 - Removed: 235 | Queue size: 9
Thread-10 - Removed: 236 | Queue size: 8
Thread-10 - Removed: 237 | Queue size: 7
Thread-10 - Removed: 238 | Queue size: 6
Thread-10 - Removed: 239 | Queue size: 5
Thread-10 - Removed: 240 | Queue size: 4
Thread-10 - Removed: 241 | Queue size: 3
Thread-9 - Added: 245 | Queue size: 4
Thread-9 - Added: 246 | Queue size: 5
Thread-9 - Added: 247 | Queue size: 6
Thread-9 - Added: 248 | Queue size: 7
Thread-9 - Added: 249 | Queue size: 8
Thread-9 - Added: 250 | Queue size: 9
Thread-9 - Added: 251 | Queue size: 10
Thread-9 - Added: 252 | Queue size: 11
Thread-9 - Added: 253 | Queue size: 12
Thread-9 - Added: 254 | Queue size: 13
Thread-9 - Added: 255 | Queue size: 14
Thread-9 - Added: 256 | Queue size: 15
Thread-9 - Added: 257 | Queue size: 16
Thread-9 - Added: 258 | Queue size: 17
Thread-9 - Added: 259 | Queue size: 18
Thread-9 - Added: 260 | Queue size: 19
Thread-9 - Added: 261 | Queue size: 20
Thread-9 - Added: 262 | Queue size: 21
Thread-9 - Added: 263 | Queue size: 22
Thread-9 - Added: 264 | Queue size: 23
Thread-9 - Added: 265 | Queue size: 24
Thread-9 - Added: 266 | Queue size: 25
Thread-9 - Added: 267 | Queue size: 26
Thread-9 - Added: 268 | Queue size: 27
Thread-9 - Added: 269 | Queue size: 28
Thread-9 - Added: 270 | Queue size: 29
Thread-9 - Added: 271 | Queue size: 30
Thread-9 - Added: 272 | Queue size: 31
Thread-9 - Added: 273 | Queue size: 32
Thread-9 - Added: 274 | Queue size: 33
Thread-9 - Added: 275 | Queue size: 34
Thread-9 - Added: 276 | Queue size: 35
Thread-9 - Added: 277 | Queue size: 36
Thread-9 - Added: 278 | Queue size: 37
Thread-9 - Added: 279 | Queue size: 38
Thread-9 - Added: 280 | Queue size: 39
Thread-9 - Added: 281 | Queue size: 40
Thread-9 - Added: 282 | Queue size: 41
Thread-9 - Added: 283 | Queue size: 42
Thread-10 - Removed: 242 | Queue size: 41
Thread-10 - Removed: 243 | Queue size: 40
Thread-10 - Removed: 244 | Queue size: 39
Thread-10 - Removed: 245 | Queue size: 38
Thread-10 - Removed: 246 | Queue size: 37
Thread-10 - Removed: 247 | Queue size: 36
Thread-10 - Removed: 248 | Queue size: 35
Thread-10 - Removed: 249 | Queue size: 34
Thread-10 - Removed: 250 | Queue size: 33
Thread-10 - Removed: 251 | Queue size: 32
Thread-10 - Removed: 252 | Queue size: 31
Thread-10 - Removed: 253 | Queue size: 30
Thread-9 - Added: 284 | Queue size: 31
Thread-9 - Added: 285 | Queue size: 32
Thread-9 - Added: 286 | Queue size: 33
Thread-9 - Added: 287 | Queue size: 34
Thread-9 - Added: 288 | Queue size: 35
Thread-9 - Added: 289 | Queue size: 36
Thread-9 - Added: 290 | Queue size: 37
Thread-9 - Added: 291 | Queue size: 38
Thread-9 - Added: 292 | Queue size: 39
Thread-10 - Removed: 254 | Queue size: 38
Thread-10 - Removed: 255 | Queue size: 37
Thread-10 - Removed: 256 | Queue size: 36
Thread-10 - Removed: 257 | Queue size: 35
Thread-10 - Removed: 258 | Queue size: 34
Thread-10 - Removed: 259 | Queue size: 33
Thread-10 - Removed: 260 | Queue size: 32
Thread-10 - Removed: 261 | Queue size: 31
Thread-10 - Removed: 262 | Queue size: 30
Thread-10 - Removed: 263 | Queue size: 29
Thread-10 - Removed: 264 | Queue size: 28
Thread-10 - Removed: 265 | Queue size: 27
Thread-10 - Removed: 266 | Queue size: 26
Thread-10 - Removed: 267 | Queue size: 25
Thread-10 - Removed: 268 | Queue size: 24
Thread-10 - Removed: 269 | Queue size: 23
Thread-10 - Removed: 270 | Queue size: 22
Thread-10 - Removed: 271 | Queue size: 21
Thread-10 - Removed: 272 | Queue size: 20
Thread-10 - Removed: 273 | Queue size: 19
Thread-10 - Removed: 274 | Queue size: 18
Thread-10 - Removed: 275 | Queue size: 17
Thread-10 - Removed: 276 | Queue size: 16
Thread-10 - Removed: 277 | Queue size: 15
Thread-10 - Removed: 278 | Queue size: 14
Thread-10 - Removed: 279 | Queue size: 13
Thread-10 - Removed: 280 | Queue size: 12
Thread-10 - Removed: 281 | Queue size: 11
Thread-9 - Added: 293 | Queue size: 12
Thread-9 - Added: 294 | Queue size: 13
Thread-9 - Added: 295 | Queue size: 14
Thread-9 - Added: 296 | Queue size: 15
Thread-9 - Added: 297 | Queue size: 16
Thread-9 - Added: 298 | Queue size: 17
Thread-9 - Added: 299 | Queue size: 18
Thread-9 - Added: 300 | Queue size: 19
Thread-9 - Added: 301 | Queue size: 20
Thread-9 - Added: 302 | Queue size: 21
Thread-9 - Added: 303 | Queue size: 22
Thread-9 - Added: 304 | Queue size: 23
Thread-9 - Added: 305 | Queue size: 24
Thread-9 - Added: 306 | Queue size: 25
Thread-10 - Removed: 282 | Queue size: 24
Thread-10 - Removed: 283 | Queue size: 23
Thread-10 - Removed: 284 | Queue size: 22
Thread-10 - Removed: 285 | Queue size: 21
Thread-10 - Removed: 286 | Queue size: 20
Thread-10 - Removed: 287 | Queue size: 19
Thread-10 - Removed: 288 | Queue size: 18
Thread-10 - Removed: 289 | Queue size: 17
Thread-10 - Removed: 290 | Queue size: 16
Thread-10 - Removed: 291 | Queue size: 15
Thread-10 - Removed: 292 | Queue size: 14
Thread-10 - Removed: 293 | Queue size: 13
Thread-10 - Removed: 294 | Queue size: 12
Thread-9 - Added: 307 | Queue size: 13
Thread-9 - Added: 308 | Queue size: 14
Thread-9 - Added: 309 | Queue size: 15
Thread-9 - Added: 310 | Queue size: 16
Thread-9 - Added: 311 | Queue size: 17
Thread-9 - Added: 312 | Queue size: 18
Thread-9 - Added: 313 | Queue size: 19
Thread-9 - Added: 314 | Queue size: 20
Thread-9 - Added: 315 | Queue size: 21
Thread-9 - Added: 316 | Queue size: 22
Thread-9 - Added: 317 | Queue size: 23
Thread-9 - Added: 318 | Queue size: 24
Thread-9 - Added: 319 | Queue size: 25
Thread-9 - Added: 320 | Queue size: 26
Thread-9 - Added: 321 | Queue size: 27
Thread-9 - Added: 322 | Queue size: 28
Thread-9 - Added: 323 | Queue size: 29
Thread-9 - Added: 324 | Queue size: 30
Thread-9 - Added: 325 | Queue size: 31
Thread-9 - Added: 326 | Queue size: 32
Thread-9 - Added: 327 | Queue size: 33
Thread-9 - Added: 328 | Queue size: 34
Thread-10 - Removed: 295 | Queue size: 33
Thread-10 - Removed: 296 | Queue size: 32
Thread-10 - Removed: 297 | Queue size: 31
Thread-10 - Removed: 298 | Queue size: 30
Thread-10 - Removed: 299 | Queue size: 29
Thread-10 - Removed: 300 | Queue size: 28
Thread-10 - Removed: 301 | Queue size: 27
Thread-10 - Removed: 302 | Queue size: 26
Thread-10 - Removed: 303 | Queue size: 25
Thread-10 - Removed: 304 | Queue size: 24
Thread-10 - Removed: 305 | Queue size: 23
Thread-10 - Removed: 306 | Queue size: 22
Thread-9 - Added: 329 | Queue size: 23
Thread-9 - Added: 330 | Queue size: 24
Thread-9 - Added: 331 | Queue size: 25
Thread-9 - Added: 332 | Queue size: 26
Thread-9 - Added: 333 | Queue size: 27
Thread-9 - Added: 334 | Queue size: 28
Thread-9 - Added: 335 | Queue size: 29
Thread-9 - Added: 336 | Queue size: 30
Thread-9 - Added: 337 | Queue size: 31
Thread-9 - Added: 338 | Queue size: 32
Thread-9 - Added: 339 | Queue size: 33
Thread-9 - Added: 340 | Queue size: 34
Thread-9 - Added: 341 | Queue size: 35
Thread-9 - Added: 342 | Queue size: 36
Thread-9 - Added: 343 | Queue size: 37
Thread-9 - Added: 344 | Queue size: 38
Thread-9 - Added: 345 | Queue size: 39
Thread-9 - Added: 346 | Queue size: 40
Thread-9 - Added: 347 | Queue size: 41
Thread-9 - Added: 348 | Queue size: 42
Thread-9 - Added: 349 | Queue size: 43
Thread-9 - Added: 350 | Queue size: 44
Thread-9 - Added: 351 | Queue size: 45
Thread-9 - Added: 352 | Queue size: 46
Thread-9 - Added: 353 | Queue size: 47
Thread-9 - Added: 354 | Queue size: 48
Thread-9 - Added: 355 | Queue size: 49
Thread-9 - Added: 356 | Queue size: 50
Thread-9 - Queue FULL, waiting...
Thread-10 - Removed: 307 | Queue size: 49
Thread-10 - Removed: 308 | Queue size: 48
Thread-10 - Removed: 309 | Queue size: 47
Thread-10 - Removed: 310 | Queue size: 46
Thread-10 - Removed: 311 | Queue size: 45
Thread-10 - Removed: 312 | Queue size: 44
Thread-10 - Removed: 313 | Queue size: 43
Thread-10 - Removed: 314 | Queue size: 42
Thread-10 - Removed: 315 | Queue size: 41
Thread-10 - Removed: 316 | Queue size: 40
Thread-10 - Removed: 317 | Queue size: 39
Thread-10 - Removed: 318 | Queue size: 38
Thread-10 - Removed: 319 | Queue size: 37
Thread-10 - Removed: 320 | Queue size: 36
Thread-10 - Removed: 321 | Queue size: 35
Thread-10 - Removed: 322 | Queue size: 34
Thread-10 - Removed: 323 | Queue size: 33
Thread-10 - Removed: 324 | Queue size: 32
Thread-10 - Removed: 325 | Queue size: 31
Thread-10 - Removed: 326 | Queue size: 30
Thread-10 - Removed: 327 | Queue size: 29
Thread-10 - Removed: 328 | Queue size: 28
Thread-9 - Added: 357 | Queue size: 29
Thread-9 - Added: 358 | Queue size: 30
Thread-9 - Added: 359 | Queue size: 31
Thread-9 - Added: 360 | Queue size: 32
Thread-9 - Added: 361 | Queue size: 33
Thread-9 - Added: 362 | Queue size: 34
Thread-9 - Added: 363 | Queue size: 35
Thread-9 - Added: 364 | Queue size: 36
Thread-9 - Added: 365 | Queue size: 37
Thread-9 - Added: 366 | Queue size: 38
Thread-9 - Added: 367 | Queue size: 39
Thread-9 - Added: 368 | Queue size: 40
Thread-9 - Added: 369 | Queue size: 41
Thread-9 - Added: 370 | Queue size: 42
Thread-9 - Added: 371 | Queue size: 43
Thread-9 - Added: 372 | Queue size: 44
Thread-9 - Added: 373 | Queue size: 45
Thread-9 - Added: 374 | Queue size: 46
Thread-9 - Added: 375 | Queue size: 47
Thread-9 - Added: 376 | Queue size: 48
Thread-9 - Added: 377 | Queue size: 49
Thread-9 - Added: 378 | Queue size: 50
Thread-9 - Queue FULL, waiting...
Thread-10 - Removed: 329 | Queue size: 49
Thread-10 - Removed: 330 | Queue size: 48
Thread-10 - Removed: 331 | Queue size: 47
Thread-10 - Removed: 332 | Queue size: 46
Thread-10 - Removed: 333 | Queue size: 45
Thread-10 - Removed: 334 | Queue size: 44
Thread-10 - Removed: 335 | Queue size: 43
Thread-10 - Removed: 336 | Queue size: 42
Thread-10 - Removed: 337 | Queue size: 41
Thread-10 - Removed: 338 | Queue size: 40
Thread-10 - Removed: 339 | Queue size: 39
Thread-10 - Removed: 340 | Queue size: 38
Thread-10 - Removed: 341 | Queue size: 37
Thread-10 - Removed: 342 | Queue size: 36
Thread-10 - Removed: 343 | Queue size: 35
Thread-10 - Removed: 344 | Queue size: 34
Thread-10 - Removed: 345 | Queue size: 33
Thread-9 - Added: 379 | Queue size: 34
Thread-9 - Added: 380 | Queue size: 35
Thread-9 - Added: 381 | Queue size: 36
Thread-9 - Added: 382 | Queue size: 37
Thread-9 - Added: 383 | Queue size: 38
Thread-9 - Added: 384 | Queue size: 39
Thread-9 - Added: 385 | Queue size: 40
Thread-9 - Added: 386 | Queue size: 41
Thread-9 - Added: 387 | Queue size: 42
Thread-9 - Added: 388 | Queue size: 43
Thread-9 - Added: 389 | Queue size: 44
Thread-9 - Added: 390 | Queue size: 45
Thread-9 - Added: 391 | Queue size: 46
Thread-9 - Added: 392 | Queue size: 47
Thread-9 - Added: 393 | Queue size: 48
Thread-10 - Removed: 346 | Queue size: 47
Thread-10 - Removed: 347 | Queue size: 46
Thread-10 - Removed: 348 | Queue size: 45
Thread-10 - Removed: 349 | Queue size: 44
Thread-10 - Removed: 350 | Queue size: 43
Thread-10 - Removed: 351 | Queue size: 42
Thread-10 - Removed: 352 | Queue size: 41
Thread-10 - Removed: 353 | Queue size: 40
Thread-9 - Added: 394 | Queue size: 41
Thread-9 - Added: 395 | Queue size: 42
Thread-10 - Removed: 354 | Queue size: 41
Thread-10 - Removed: 355 | Queue size: 40
Thread-10 - Removed: 356 | Queue size: 39
Thread-10 - Removed: 357 | Queue size: 38
Thread-10 - Removed: 358 | Queue size: 37
Thread-10 - Removed: 359 | Queue size: 36
Thread-10 - Removed: 360 | Queue size: 35
Thread-10 - Removed: 361 | Queue size: 34
Thread-10 - Removed: 362 | Queue size: 33
Thread-10 - Removed: 363 | Queue size: 32
Thread-9 - Added: 396 | Queue size: 33
Thread-9 - Added: 397 | Queue size: 34
Thread-9 - Added: 398 | Queue size: 35
Thread-9 - Added: 399 | Queue size: 36
Thread-9 - Added: 400 | Queue size: 37
Thread-9 - Added: 401 | Queue size: 38
Thread-9 - Added: 402 | Queue size: 39
Thread-9 - Added: 403 | Queue size: 40
Thread-9 - Added: 404 | Queue size: 41
Thread-9 - Added: 405 | Queue size: 42
Thread-9 - Added: 406 | Queue size: 43
Thread-10 - Removed: 364 | Queue size: 42
Thread-10 - Removed: 365 | Queue size: 41
Thread-10 - Removed: 366 | Queue size: 40
Thread-10 - Removed: 367 | Queue size: 39
Thread-10 - Removed: 368 | Queue size: 38
Thread-10 - Removed: 369 | Queue size: 37
Thread-10 - Removed: 370 | Queue size: 36
Thread-10 - Removed: 371 | Queue size: 35
Thread-10 - Removed: 372 | Queue size: 34
Thread-10 - Removed: 373 | Queue size: 33
Thread-9 - Added: 407 | Queue size: 34
Thread-9 - Added: 408 | Queue size: 35
Thread-9 - Added: 409 | Queue size: 36
Thread-9 - Added: 410 | Queue size: 37
Thread-9 - Added: 411 | Queue size: 38
Thread-9 - Added: 412 | Queue size: 39
Thread-9 - Added: 413 | Queue size: 40
Thread-9 - Added: 414 | Queue size: 41
Thread-9 - Added: 415 | Queue size: 42
Thread-9 - Added: 416 | Queue size: 43
Thread-10 - Removed: 374 | Queue size: 42
Thread-10 - Removed: 375 | Queue size: 41
Thread-10 - Removed: 376 | Queue size: 40
Thread-10 - Removed: 377 | Queue size: 39
Thread-10 - Removed: 378 | Queue size: 38
Thread-10 - Removed: 379 | Queue size: 37
Thread-9 - Added: 417 | Queue size: 38
Thread-9 - Added: 418 | Queue size: 39
Thread-9 - Added: 419 | Queue size: 40
Thread-9 - Added: 420 | Queue size: 41
Thread-9 - Added: 421 | Queue size: 42
Thread-9 - Added: 422 | Queue size: 43
Thread-9 - Added: 423 | Queue size: 44
Thread-10 - Removed: 380 | Queue size: 43
Thread-10 - Removed: 381 | Queue size: 42
Thread-10 - Removed: 382 | Queue size: 41
Thread-10 - Removed: 383 | Queue size: 40
Thread-10 - Removed: 384 | Queue size: 39
Thread-10 - Removed: 385 | Queue size: 38
Thread-10 - Removed: 386 | Queue size: 37
Thread-9 - Added: 424 | Queue size: 38
Thread-9 - Added: 425 | Queue size: 39
Thread-9 - Added: 426 | Queue size: 40
Thread-9 - Added: 427 | Queue size: 41
Thread-9 - Added: 428 | Queue size: 42
Thread-9 - Added: 429 | Queue size: 43
Thread-9 - Added: 430 | Queue size: 44
Thread-9 - Added: 431 | Queue size: 45
Thread-9 - Added: 432 | Queue size: 46
Thread-9 - Added: 433 | Queue size: 47
Thread-9 - Added: 434 | Queue size: 48
Thread-9 - Added: 435 | Queue size: 49
Thread-9 - Added: 436 | Queue size: 50
Thread-10 - Removed: 387 | Queue size: 49
Thread-10 - Removed: 388 | Queue size: 48
Thread-10 - Removed: 389 | Queue size: 47
Thread-10 - Removed: 390 | Queue size: 46
Thread-10 - Removed: 391 | Queue size: 45
Thread-10 - Removed: 392 | Queue size: 44
Thread-9 - Added: 437 | Queue size: 45
Thread-9 - Added: 438 | Queue size: 46
Thread-9 - Added: 439 | Queue size: 47
Thread-9 - Added: 440 | Queue size: 48
Thread-9 - Added: 441 | Queue size: 49
Thread-9 - Added: 442 | Queue size: 50
Thread-9 - Queue FULL, waiting...
Thread-10 - Removed: 393 | Queue size: 49
Thread-10 - Removed: 394 | Queue size: 48
Thread-10 - Removed: 395 | Queue size: 47
Thread-10 - Removed: 396 | Queue size: 46
Thread-10 - Removed: 397 | Queue size: 45
Thread-10 - Removed: 398 | Queue size: 44
Thread-10 - Removed: 399 | Queue size: 43
Thread-10 - Removed: 400 | Queue size: 42
Thread-10 - Removed: 401 | Queue size: 41
Thread-10 - Removed: 402 | Queue size: 40
Thread-10 - Removed: 403 | Queue size: 39
Thread-10 - Removed: 404 | Queue size: 38
Thread-9 - Added: 443 | Queue size: 39
Thread-9 - Added: 444 | Queue size: 40
Thread-9 - Added: 445 | Queue size: 41
Thread-9 - Added: 446 | Queue size: 42
Thread-9 - Added: 447 | Queue size: 43
Thread-10 - Removed: 405 | Queue size: 42
Thread-10 - Removed: 406 | Queue size: 41
Thread-10 - Removed: 407 | Queue size: 40
Thread-10 - Removed: 408 | Queue size: 39
Thread-10 - Removed: 409 | Queue size: 38
Thread-10 - Removed: 410 | Queue size: 37
Thread-10 - Removed: 411 | Queue size: 36
Thread-10 - Removed: 412 | Queue size: 35
Thread-10 - Removed: 413 | Queue size: 34
Thread-10 - Removed: 414 | Queue size: 33
Thread-10 - Removed: 415 | Queue size: 32
Thread-10 - Removed: 416 | Queue size: 31
Thread-9 - Added: 448 | Queue size: 32
Thread-9 - Added: 449 | Queue size: 33
Thread-9 - Added: 450 | Queue size: 34
Thread-9 - Added: 451 | Queue size: 35
Thread-9 - Added: 452 | Queue size: 36
Thread-9 - Added: 453 | Queue size: 37
Thread-9 - Added: 454 | Queue size: 38
Thread-9 - Added: 455 | Queue size: 39
Thread-9 - Added: 456 | Queue size: 40
Thread-9 - Added: 457 | Queue size: 41
Thread-9 - Added: 458 | Queue size: 42
Thread-9 - Added: 459 | Queue size: 43
Thread-9 - Added: 460 | Queue size: 44
Thread-9 - Added: 461 | Queue size: 45
Thread-9 - Added: 462 | Queue size: 46
Thread-9 - Added: 463 | Queue size: 47
Thread-9 - Added: 464 | Queue size: 48
Thread-9 - Added: 465 | Queue size: 49
Thread-9 - Added: 466 | Queue size: 50
Thread-9 - Queue FULL, waiting...
Thread-10 - Removed: 417 | Queue size: 49
Thread-10 - Removed: 418 | Queue size: 48
Thread-10 - Removed: 419 | Queue size: 47
Thread-10 - Removed: 420 | Queue size: 46
Thread-10 - Removed: 421 | Queue size: 45
Thread-10 - Removed: 422 | Queue size: 44
Thread-10 - Removed: 423 | Queue size: 43
Thread-10 - Removed: 424 | Queue size: 42
Thread-10 - Removed: 425 | Queue size: 41
Thread-10 - Removed: 426 | Queue size: 40
Thread-10 - Removed: 427 | Queue size: 39
Thread-10 - Removed: 428 | Queue size: 38
Thread-10 - Removed: 429 | Queue size: 37
Thread-10 - Removed: 430 | Queue size: 36
Thread-10 - Removed: 431 | Queue size: 35
Thread-9 - Added: 467 | Queue size: 36
Thread-9 - Added: 468 | Queue size: 37
Thread-9 - Added: 469 | Queue size: 38
Thread-9 - Added: 470 | Queue size: 39
Thread-9 - Added: 471 | Queue size: 40
Thread-9 - Added: 472 | Queue size: 41
Thread-9 - Added: 473 | Queue size: 42
Thread-9 - Added: 474 | Queue size: 43
Thread-9 - Added: 475 | Queue size: 44
Thread-9 - Added: 476 | Queue size: 45
Thread-9 - Added: 477 | Queue size: 46
Thread-9 - Added: 478 | Queue size: 47
Thread-9 - Added: 479 | Queue size: 48
Thread-9 - Added: 480 | Queue size: 49
Thread-9 - Added: 481 | Queue size: 50
Thread-9 - Queue FULL, waiting...
Thread-10 - Removed: 432 | Queue size: 49
Thread-10 - Removed: 433 | Queue size: 48
Thread-10 - Removed: 434 | Queue size: 47
Thread-10 - Removed: 435 | Queue size: 46
Thread-10 - Removed: 436 | Queue size: 45
Thread-10 - Removed: 437 | Queue size: 44
Thread-10 - Removed: 438 | Queue size: 43
Thread-10 - Removed: 439 | Queue size: 42
Thread-10 - Removed: 440 | Queue size: 41
Thread-10 - Removed: 441 | Queue size: 40
Thread-10 - Removed: 442 | Queue size: 39
Thread-10 - Removed: 443 | Queue size: 38
Thread-10 - Removed: 444 | Queue size: 37
Thread-10 - Removed: 445 | Queue size: 36
Thread-10 - Removed: 446 | Queue size: 35
Thread-10 - Removed: 447 | Queue size: 34
Thread-10 - Removed: 448 | Queue size: 33
Thread-10 - Removed: 449 | Queue size: 32
Thread-10 - Removed: 450 | Queue size: 31
Thread-10 - Removed: 451 | Queue size: 30
Thread-10 - Removed: 452 | Queue size: 29
Thread-10 - Removed: 453 | Queue size: 28
Thread-10 - Removed: 454 | Queue size: 27
Thread-10 - Removed: 455 | Queue size: 26
Thread-10 - Removed: 456 | Queue size: 25
Thread-10 - Removed: 457 | Queue size: 24
Thread-10 - Removed: 458 | Queue size: 23
Thread-10 - Removed: 459 | Queue size: 22
Thread-10 - Removed: 460 | Queue size: 21
Thread-10 - Removed: 461 | Queue size: 20
Thread-10 - Removed: 462 | Queue size: 19
Thread-10 - Removed: 463 | Queue size: 18
Thread-10 - Removed: 464 | Queue size: 17
Thread-10 - Removed: 465 | Queue size: 16
Thread-10 - Removed: 466 | Queue size: 15
Thread-10 - Removed: 467 | Queue size: 14
Thread-10 - Removed: 468 | Queue size: 13
Thread-10 - Removed: 469 | Queue size: 12
Thread-10 - Removed: 470 | Queue size: 11
Thread-10 - Removed: 471 | Queue size: 10
Thread-10 - Removed: 472 | Queue size: 9
Thread-10 - Removed: 473 | Queue size: 8
Thread-10 - Removed: 474 | Queue size: 7
Thread-10 - Removed: 475 | Queue size: 6
Thread-10 - Removed: 476 | Queue size: 5
Thread-10 - Removed: 477 | Queue size: 4
Thread-10 - Removed: 478 | Queue size: 3
Thread-10 - Removed: 479 | Queue size: 2
Thread-10 - Removed: 480 | Queue size: 1
Thread-10 - Removed: 481 | Queue size: 0
Thread-10 - Queue EMPTY, waiting...
Thread-9 - Added: 482 | Queue size: 1
Thread-9 - Added: 483 | Queue size: 2
Thread-9 - Added: 484 | Queue size: 3
Thread-9 - Added: 485 | Queue size: 4
Thread-9 - Added: 486 | Queue size: 5
Thread-9 - Added: 487 | Queue size: 6
Thread-9 - Added: 488 | Queue size: 7
Thread-9 - Added: 489 | Queue size: 8
Thread-9 - Added: 490 | Queue size: 9
Thread-9 - Added: 491 | Queue size: 10
Thread-9 - Added: 492 | Queue size: 11
Thread-9 - Added: 493 | Queue size: 12
Thread-9 - Added: 494 | Queue size: 13
Thread-9 - Added: 495 | Queue size: 14
Thread-9 - Added: 496 | Queue size: 15
Thread-9 - Added: 497 | Queue size: 16
Thread-9 - Added: 498 | Queue size: 17
Thread-9 - Added: 499 | Queue size: 18
Thread-9 - Added: 500 | Queue size: 19
Thread-9 - Added: 501 | Queue size: 20
Thread-9 - Added: 502 | Queue size: 21
Thread-9 - Added: 503 | Queue size: 22
Thread-9 - Added: 504 | Queue size: 23
Thread-9 - Added: 505 | Queue size: 24
Thread-9 - Added: 506 | Queue size: 25
Thread-9 - Added: 507 | Queue size: 26
Thread-9 - Added: 508 | Queue size: 27
Thread-9 - Added: 509 | Queue size: 28
Thread-9 - Added: 510 | Queue size: 29
Thread-9 - Added: 511 | Queue size: 30
Thread-9 - Added: 512 | Queue size: 31
Thread-9 - Added: 513 | Queue size: 32
Thread-9 - Added: 514 | Queue size: 33
Thread-9 - Added: 515 | Queue size: 34
Thread-9 - Added: 516 | Queue size: 35
Thread-9 - Added: 517 | Queue size: 36
Thread-9 - Added: 518 | Queue size: 37
Thread-9 - Added: 519 | Queue size: 38
Thread-9 - Added: 520 | Queue size: 39
Thread-9 - Added: 521 | Queue size: 40
Thread-9 - Added: 522 | Queue size: 41
Thread-9 - Added: 523 | Queue size: 42
Thread-9 - Added: 524 | Queue size: 43
Thread-9 - Added: 525 | Queue size: 44
Thread-9 - Added: 526 | Queue size: 45
Thread-9 - Added: 527 | Queue size: 46
Thread-9 - Added: 528 | Queue size: 47
Thread-9 - Added: 529 | Queue size: 48
Thread-9 - Added: 530 | Queue size: 49
Thread-9 - Added: 531 | Queue size: 50
Thread-9 - Queue FULL, waiting...
Thread-10 - Removed: 482 | Queue size: 49
Thread-10 - Removed: 483 | Queue size: 48
Thread-10 - Removed: 484 | Queue size: 47
Thread-10 - Removed: 485 | Queue size: 46
Thread-10 - Removed: 486 | Queue size: 45
Thread-10 - Removed: 487 | Queue size: 44
Thread-10 - Removed: 488 | Queue size: 43
Thread-10 - Removed: 489 | Queue size: 42
Thread-10 - Removed: 490 | Queue size: 41
Thread-10 - Removed: 491 | Queue size: 40
Thread-10 - Removed: 492 | Queue size: 39
Thread-10 - Removed: 493 | Queue size: 38
Thread-10 - Removed: 494 | Queue size: 37
Thread-10 - Removed: 495 | Queue size: 36
Thread-10 - Removed: 496 | Queue size: 35
Thread-10 - Removed: 497 | Queue size: 34
Thread-10 - Removed: 498 | Queue size: 33
Thread-10 - Removed: 499 | Queue size: 32
Thread-10 - Removed: 500 | Queue size: 31
Thread-10 - Removed: 501 | Queue size: 30
Thread-10 - Removed: 502 | Queue size: 29
Thread-10 - Removed: 503 | Queue size: 28
Thread-10 - Removed: 504 | Queue size: 27
Thread-10 - Removed: 505 | Queue size: 26
Thread-10 - Removed: 506 | Queue size: 25
Thread-10 - Removed: 507 | Queue size: 24
Thread-10 - Removed: 508 | Queue size: 23
Thread-10 - Removed: 509 | Queue size: 22
Thread-10 - Removed: 510 | Queue size: 21
Thread-10 - Removed: 511 | Queue size: 20
Thread-10 - Removed: 512 | Queue size: 19
Thread-10 - Removed: 513 | Queue size: 18
Thread-10 - Removed: 514 | Queue size: 17
Thread-10 - Removed: 515 | Queue size: 16
Thread-10 - Removed: 516 | Queue size: 15
Thread-10 - Removed: 517 | Queue size: 14
Thread-10 - Removed: 518 | Queue size: 13
Thread-10 - Removed: 519 | Queue size: 12
Thread-10 - Removed: 520 | Queue size: 11
Thread-10 - Removed: 521 | Queue size: 10
Thread-10 - Removed: 522 | Queue size: 9
Thread-10 - Removed: 523 | Queue size: 8
Thread-10 - Removed: 524 | Queue size: 7
Thread-10 - Removed: 525 | Queue size: 6
Thread-10 - Removed: 526 | Queue size: 5
Thread-10 - Removed: 527 | Queue size: 4
Thread-10 - Removed: 528 | Queue size: 3
Thread-10 - Removed: 529 | Queue size: 2
Thread-10 - Removed: 530 | Queue size: 1
Thread-10 - Removed: 531 | Queue size: 0
Thread-10 - Queue EMPTY, waiting...
Thread-9 - Added: 532 | Queue size: 1
Thread-9 - Added: 533 | Queue size: 2
Thread-9 - Added: 534 | Queue size: 3
Thread-9 - Added: 535 | Queue size: 4
Thread-9 - Added: 536 | Queue size: 5
Thread-9 - Added: 537 | Queue size: 6
Thread-9 - Added: 538 | Queue size: 7
Thread-9 - Added: 539 | Queue size: 8
Thread-9 - Added: 540 | Queue size: 9
Thread-9 - Added: 541 | Queue size: 10
Thread-9 - Added: 542 | Queue size: 11
Thread-9 - Added: 543 | Queue size: 12
Thread-9 - Added: 544 | Queue size: 13
Thread-9 - Added: 545 | Queue size: 14
Thread-9 - Added: 546 | Queue size: 15
Thread-9 - Added: 547 | Queue size: 16
Thread-9 - Added: 548 | Queue size: 17
Thread-9 - Added: 549 | Queue size: 18
Thread-9 - Added: 550 | Queue size: 19
Thread-9 - Added: 551 | Queue size: 20
Thread-9 - Added: 552 | Queue size: 21
Thread-9 - Added: 553 | Queue size: 22
Thread-9 - Added: 554 | Queue size: 23
Thread-9 - Added: 555 | Queue size: 24
Thread-9 - Added: 556 | Queue size: 25
Thread-9 - Added: 557 | Queue size: 26
Thread-9 - Added: 558 | Queue size: 27
Thread-9 - Added: 559 | Queue size: 28
Thread-9 - Added: 560 | Queue size: 29
Thread-9 - Added: 561 | Queue size: 30
Thread-9 - Added: 562 | Queue size: 31
Thread-9 - Added: 563 | Queue size: 32
Thread-9 - Added: 564 | Queue size: 33
Thread-9 - Added: 565 | Queue size: 34
Thread-9 - Added: 566 | Queue size: 35
Thread-9 - Added: 567 | Queue size: 36
Thread-9 - Added: 568 | Queue size: 37
Thread-9 - Added: 569 | Queue size: 38
Thread-9 - Added: 570 | Queue size: 39
Thread-9 - Added: 571 | Queue size: 40
Thread-9 - Added: 572 | Queue size: 41
Thread-9 - Added: 573 | Queue size: 42
Thread-9 - Added: 574 | Queue size: 43
Thread-9 - Added: 575 | Queue size: 44
Thread-9 - Added: 576 | Queue size: 45
Thread-9 - Added: 577 | Queue size: 46
Thread-9 - Added: 578 | Queue size: 47
Thread-9 - Added: 579 | Queue size: 48
Thread-9 - Added: 580 | Queue size: 49
Thread-9 - Added: 581 | Queue size: 50
Thread-9 - Queue FULL, waiting...
Thread-10 - Removed: 532 | Queue size: 49
Thread-10 - Removed: 533 | Queue size: 48
Thread-10 - Removed: 534 | Queue size: 47
Thread-10 - Removed: 535 | Queue size: 46
Thread-10 - Removed: 536 | Queue size: 45
Thread-10 - Removed: 537 | Queue size: 44
Thread-10 - Removed: 538 | Queue size: 43
Thread-10 - Removed: 539 | Queue size: 42
Thread-10 - Removed: 540 | Queue size: 41
Thread-10 - Removed: 541 | Queue size: 40
Thread-10 - Removed: 542 | Queue size: 39
Thread-10 - Removed: 543 | Queue size: 38
Thread-10 - Removed: 544 | Queue size: 37
Thread-10 - Removed: 545 | Queue size: 36
Thread-10 - Removed: 546 | Queue size: 35
Thread-10 - Removed: 547 | Queue size: 34
Thread-10 - Removed: 548 | Queue size: 33
Thread-10 - Removed: 549 | Queue size: 32
Thread-10 - Removed: 550 | Queue size: 31
Thread-10 - Removed: 551 | Queue size: 30
Thread-10 - Removed: 552 | Queue size: 29
Thread-10 - Removed: 553 | Queue size: 28
Thread-10 - Removed: 554 | Queue size: 27
Thread-10 - Removed: 555 | Queue size: 26
Thread-10 - Removed: 556 | Queue size: 25
Thread-10 - Removed: 557 | Queue size: 24
Thread-10 - Removed: 558 | Queue size: 23
Thread-10 - Removed: 559 | Queue size: 22
Thread-10 - Removed: 560 | Queue size: 21
Thread-10 - Removed: 561 | Queue size: 20
Thread-10 - Removed: 562 | Queue size: 19
Thread-10 - Removed: 563 | Queue size: 18
Thread-10 - Removed: 564 | Queue size: 17
Thread-10 - Removed: 565 | Queue size: 16
Thread-10 - Removed: 566 | Queue size: 15
Thread-10 - Removed: 567 | Queue size: 14
Thread-10 - Removed: 568 | Queue size: 13
Thread-10 - Removed: 569 | Queue size: 12
Thread-10 - Removed: 570 | Queue size: 11
Thread-10 - Removed: 571 | Queue size: 10
Thread-10 - Removed: 572 | Queue size: 9
Thread-10 - Removed: 573 | Queue size: 8
Thread-10 - Removed: 574 | Queue size: 7
Thread-10 - Removed: 575 | Queue size: 6
Thread-10 - Removed: 576 | Queue size: 5
Thread-10 - Removed: 577 | Queue size: 4
Thread-10 - Removed: 578 | Queue size: 3
Thread-10 - Removed: 579 | Queue size: 2
Thread-10 - Removed: 580 | Queue size: 1
Thread-10 - Removed: 581 | Queue size: 0
Thread-10 - Queue EMPTY, waiting...
Thread-9 - Added: 582 | Queue size: 1
Thread-9 - Added: 583 | Queue size: 2
Thread-9 - Added: 584 | Queue size: 3
Thread-9 - Added: 585 | Queue size: 4
Thread-9 - Added: 586 | Queue size: 5
Thread-9 - Added: 587 | Queue size: 6
Thread-9 - Added: 588 | Queue size: 7
Thread-9 - Added: 589 | Queue size: 8
Thread-9 - Added: 590 | Queue size: 9
Thread-9 - Added: 591 | Queue size: 10
Thread-9 - Added: 592 | Queue size: 11
Thread-9 - Added: 593 | Queue size: 12
Thread-9 - Added: 594 | Queue size: 13
Thread-9 - Added: 595 | Queue size: 14
Thread-9 - Added: 596 | Queue size: 15
Thread-9 - Added: 597 | Queue size: 16
Thread-9 - Added: 598 | Queue size: 17
Thread-9 - Added: 599 | Queue size: 18
Thread-9 - Added: 600 | Queue size: 19
Thread-9 - Added: 601 | Queue size: 20
Thread-9 - Added: 602 | Queue size: 21
Thread-9 - Added: 603 | Queue size: 22
Thread-9 - Added: 604 | Queue size: 23
Thread-9 - Added: 605 | Queue size: 24
Thread-9 - Added: 606 | Queue size: 25
Thread-9 - Added: 607 | Queue size: 26
Thread-9 - Added: 608 | Queue size: 27
Thread-9 - Added: 609 | Queue size: 28
Thread-9 - Added: 610 | Queue size: 29
Thread-9 - Added: 611 | Queue size: 30
Thread-9 - Added: 612 | Queue size: 31
Thread-9 - Added: 613 | Queue size: 32
Thread-9 - Added: 614 | Queue size: 33
Thread-9 - Added: 615 | Queue size: 34
Thread-9 - Added: 616 | Queue size: 35
Thread-9 - Added: 617 | Queue size: 36
Thread-9 - Added: 618 | Queue size: 37
Thread-9 - Added: 619 | Queue size: 38
Thread-9 - Added: 620 | Queue size: 39
Thread-9 - Added: 621 | Queue size: 40
Thread-9 - Added: 622 | Queue size: 41
Thread-9 - Added: 623 | Queue size: 42
Thread-9 - Added: 624 | Queue size: 43
Thread-9 - Added: 625 | Queue size: 44
Thread-9 - Added: 626 | Queue size: 45
Thread-9 - Added: 627 | Queue size: 46
Thread-9 - Added: 628 | Queue size: 47
Thread-9 - Added: 629 | Queue size: 48
Thread-9 - Added: 630 | Queue size: 49
Thread-9 - Added: 631 | Queue size: 50
Thread-9 - Queue FULL, waiting...
Thread-10 - Removed: 582 | Queue size: 49
Thread-10 - Removed: 583 | Queue size: 48
Thread-10 - Removed: 584 | Queue size: 47
Thread-10 - Removed: 585 | Queue size: 46
Thread-10 - Removed: 586 | Queue size: 45
Thread-10 - Removed: 587 | Queue size: 44
Thread-10 - Removed: 588 | Queue size: 43
Thread-10 - Removed: 589 | Queue size: 42
Thread-10 - Removed: 590 | Queue size: 41
Thread-10 - Removed: 591 | Queue size: 40
Thread-10 - Removed: 592 | Queue size: 39
Thread-10 - Removed: 593 | Queue size: 38
Thread-10 - Removed: 594 | Queue size: 37
Thread-10 - Removed: 595 | Queue size: 36
Thread-10 - Removed: 596 | Queue size: 35
Thread-10 - Removed: 597 | Queue size: 34
Thread-10 - Removed: 598 | Queue size: 33
Thread-10 - Removed: 599 | Queue size: 32
Thread-10 - Removed: 600 | Queue size: 31
Thread-10 - Removed: 601 | Queue size: 30
Thread-10 - Removed: 602 | Queue size: 29
Thread-10 - Removed: 603 | Queue size: 28
Thread-10 - Removed: 604 | Queue size: 27
Thread-10 - Removed: 605 | Queue size: 26
Thread-10 - Removed: 606 | Queue size: 25
Thread-10 - Removed: 607 | Queue size: 24
Thread-10 - Removed: 608 | Queue size: 23
Thread-10 - Removed: 609 | Queue size: 22
Thread-10 - Removed: 610 | Queue size: 21
Thread-10 - Removed: 611 | Queue size: 20
Thread-10 - Removed: 612 | Queue size: 19
Thread-10 - Removed: 613 | Queue size: 18
Thread-10 - Removed: 614 | Queue size: 17
Thread-10 - Removed: 615 | Queue size: 16
Thread-10 - Removed: 616 | Queue size: 15
Thread-10 - Removed: 617 | Queue size: 14
Thread-10 - Removed: 618 | Queue size: 13
Thread-10 - Removed: 619 | Queue size: 12
Thread-10 - Removed: 620 | Queue size: 11
Thread-10 - Removed: 621 | Queue size: 10
Thread-10 - Removed: 622 | Queue size: 9
Thread-10 - Removed: 623 | Queue size: 8
Thread-10 - Removed: 624 | Queue size: 7
Thread-10 - Removed: 625 | Queue size: 6
Thread-10 - Removed: 626 | Queue size: 5
Thread-10 - Removed: 627 | Queue size: 4
Thread-10 - Removed: 628 | Queue size: 3
Thread-10 - Removed: 629 | Queue size: 2
Thread-10 - Removed: 630 | Queue size: 1
Thread-10 - Removed: 631 | Queue size: 0
Thread-10 - Queue EMPTY, waiting...
Thread-9 - Added: 632 | Queue size: 1
Thread-9 - Added: 633 | Queue size: 2
Thread-9 - Added: 634 | Queue size: 3
Thread-9 - Added: 635 | Queue size: 4
Thread-9 - Added: 636 | Queue size: 5
Thread-9 - Added: 637 | Queue size: 6
Thread-9 - Added: 638 | Queue size: 7
Thread-9 - Added: 639 | Queue size: 8
Thread-9 - Added: 640 | Queue size: 9
Thread-9 - Added: 641 | Queue size: 10
Thread-9 - Added: 642 | Queue size: 11
Thread-9 - Added: 643 | Queue size: 12
Thread-9 - Added: 644 | Queue size: 13
Thread-9 - Added: 645 | Queue size: 14
Thread-9 - Added: 646 | Queue size: 15
Thread-9 - Added: 647 | Queue size: 16
Thread-9 - Added: 648 | Queue size: 17
Thread-9 - Added: 649 | Queue size: 18
Thread-9 - Added: 650 | Queue size: 19
Thread-9 - Added: 651 | Queue size: 20
Thread-9 - Added: 652 | Queue size: 21
Thread-9 - Added: 653 | Queue size: 22
Thread-9 - Added: 654 | Queue size: 23
Thread-9 - Added: 655 | Queue size: 24
Thread-9 - Added: 656 | Queue size: 25
Thread-9 - Added: 657 | Queue size: 26
Thread-9 - Added: 658 | Queue size: 27
Thread-9 - Added: 659 | Queue size: 28
Thread-9 - Added: 660 | Queue size: 29
Thread-9 - Added: 661 | Queue size: 30
Thread-9 - Added: 662 | Queue size: 31
Thread-9 - Added: 663 | Queue size: 32
Thread-9 - Added: 664 | Queue size: 33
Thread-9 - Added: 665 | Queue size: 34
Thread-9 - Added: 666 | Queue size: 35
Thread-9 - Added: 667 | Queue size: 36
Thread-9 - Added: 668 | Queue size: 37
Thread-9 - Added: 669 | Queue size: 38
Thread-9 - Added: 670 | Queue size: 39
Thread-9 - Added: 671 | Queue size: 40
Thread-9 - Added: 672 | Queue size: 41
Thread-9 - Added: 673 | Queue size: 42
Thread-9 - Added: 674 | Queue size: 43
Thread-9 - Added: 675 | Queue size: 44
Thread-9 - Added: 676 | Queue size: 45
Thread-9 - Added: 677 | Queue size: 46
Thread-9 - Added: 678 | Queue size: 47
Thread-9 - Added: 679 | Queue size: 48
Thread-9 - Added: 680 | Queue size: 49
Thread-9 - Added: 681 | Queue size: 50
Thread-9 - Queue FULL, waiting...
Thread-10 - Removed: 632 | Queue size: 49
Thread-10 - Removed: 633 | Queue size: 48
Thread-10 - Removed: 634 | Queue size: 47
Thread-10 - Removed: 635 | Queue size: 46
Thread-10 - Removed: 636 | Queue size: 45
Thread-10 - Removed: 637 | Queue size: 44
Thread-10 - Removed: 638 | Queue size: 43
Thread-10 - Removed: 639 | Queue size: 42
Thread-10 - Removed: 640 | Queue size: 41
Thread-10 - Removed: 641 | Queue size: 40
Thread-10 - Removed: 642 | Queue size: 39
Thread-10 - Removed: 643 | Queue size: 38
Thread-10 - Removed: 644 | Queue size: 37
Thread-10 - Removed: 645 | Queue size: 36
Thread-10 - Removed: 646 | Queue size: 35
Thread-10 - Removed: 647 | Queue size: 34
Thread-10 - Removed: 648 | Queue size: 33
Thread-10 - Removed: 649 | Queue size: 32
Thread-10 - Removed: 650 | Queue size: 31
Thread-10 - Removed: 651 | Queue size: 30
Thread-10 - Removed: 652 | Queue size: 29
Thread-10 - Removed: 653 | Queue size: 28
Thread-10 - Removed: 654 | Queue size: 27
Thread-10 - Removed: 655 | Queue size: 26
Thread-10 - Removed: 656 | Queue size: 25
Thread-10 - Removed: 657 | Queue size: 24
Thread-10 - Removed: 658 | Queue size: 23
Thread-10 - Removed: 659 | Queue size: 22
Thread-10 - Removed: 660 | Queue size: 21
Thread-10 - Removed: 661 | Queue size: 20
Thread-10 - Removed: 662 | Queue size: 19
Thread-10 - Removed: 663 | Queue size: 18
Thread-10 - Removed: 664 | Queue size: 17
Thread-10 - Removed: 665 | Queue size: 16
Thread-10 - Removed: 666 | Queue size: 15
Thread-10 - Removed: 667 | Queue size: 14
Thread-10 - Removed: 668 | Queue size: 13
Thread-10 - Removed: 669 | Queue size: 12
Thread-10 - Removed: 670 | Queue size: 11
Thread-10 - Removed: 671 | Queue size: 10
Thread-10 - Removed: 672 | Queue size: 9
Thread-10 - Removed: 673 | Queue size: 8
Thread-10 - Removed: 674 | Queue size: 7
Thread-10 - Removed: 675 | Queue size: 6
Thread-10 - Removed: 676 | Queue size: 5
Thread-10 - Removed: 677 | Queue size: 4
Thread-10 - Removed: 678 | Queue size: 3
Thread-10 - Removed: 679 | Queue size: 2
Thread-10 - Removed: 680 | Queue size: 1
Thread-10 - Removed: 681 | Queue size: 0
Thread-10 - Queue EMPTY, waiting...
Thread-9 - Added: 682 | Queue size: 1
Thread-9 - Added: 683 | Queue size: 2
Thread-9 - Added: 684 | Queue size: 3
Thread-9 - Added: 685 | Queue size: 4
Thread-9 - Added: 686 | Queue size: 5
Thread-9 - Added: 687 | Queue size: 6
Thread-9 - Added: 688 | Queue size: 7
Thread-9 - Added: 689 | Queue size: 8
Thread-9 - Added: 690 | Queue size: 9
Thread-9 - Added: 691 | Queue size: 10
Thread-9 - Added: 692 | Queue size: 11
Thread-9 - Added: 693 | Queue size: 12
Thread-9 - Added: 694 | Queue size: 13
Thread-9 - Added: 695 | Queue size: 14
Thread-9 - Added: 696 | Queue size: 15
Thread-9 - Added: 697 | Queue size: 16
Thread-9 - Added: 698 | Queue size: 17
Thread-9 - Added: 699 | Queue size: 18
Thread-9 - Added: 700 | Queue size: 19
Thread-9 - Added: 701 | Queue size: 20
Thread-9 - Added: 702 | Queue size: 21
Thread-9 - Added: 703 | Queue size: 22
Thread-9 - Added: 704 | Queue size: 23
Thread-9 - Added: 705 | Queue size: 24
Thread-9 - Added: 706 | Queue size: 25
Thread-9 - Added: 707 | Queue size: 26
Thread-9 - Added: 708 | Queue size: 27
Thread-9 - Added: 709 | Queue size: 28
Thread-9 - Added: 710 | Queue size: 29
Thread-9 - Added: 711 | Queue size: 30
Thread-9 - Added: 712 | Queue size: 31
Thread-9 - Added: 713 | Queue size: 32
Thread-9 - Added: 714 | Queue size: 33
Thread-9 - Added: 715 | Queue size: 34
Thread-9 - Added: 716 | Queue size: 35
Thread-9 - Added: 717 | Queue size: 36
Thread-9 - Added: 718 | Queue size: 37
Thread-9 - Added: 719 | Queue size: 38
Thread-9 - Added: 720 | Queue size: 39
Thread-9 - Added: 721 | Queue size: 40
Thread-9 - Added: 722 | Queue size: 41
Thread-9 - Added: 723 | Queue size: 42
Thread-9 - Added: 724 | Queue size: 43
Thread-9 - Added: 725 | Queue size: 44
Thread-9 - Added: 726 | Queue size: 45
Thread-9 - Added: 727 | Queue size: 46
Thread-9 - Added: 728 | Queue size: 47
Thread-9 - Added: 729 | Queue size: 48
Thread-9 - Added: 730 | Queue size: 49
Thread-9 - Added: 731 | Queue size: 50
Thread-9 - Queue FULL, waiting...
Thread-10 - Removed: 682 | Queue size: 49
Thread-10 - Removed: 683 | Queue size: 48
Thread-10 - Removed: 684 | Queue size: 47
Thread-10 - Removed: 685 | Queue size: 46
Thread-10 - Removed: 686 | Queue size: 45
Thread-10 - Removed: 687 | Queue size: 44
Thread-10 - Removed: 688 | Queue size: 43
Thread-10 - Removed: 689 | Queue size: 42
Thread-10 - Removed: 690 | Queue size: 41
Thread-10 - Removed: 691 | Queue size: 40
Thread-10 - Removed: 692 | Queue size: 39
Thread-10 - Removed: 693 | Queue size: 38
Thread-10 - Removed: 694 | Queue size: 37
Thread-10 - Removed: 695 | Queue size: 36
Thread-10 - Removed: 696 | Queue size: 35
Thread-10 - Removed: 697 | Queue size: 34
Thread-10 - Removed: 698 | Queue size: 33
Thread-10 - Removed: 699 | Queue size: 32
Thread-10 - Removed: 700 | Queue size: 31
Thread-10 - Removed: 701 | Queue size: 30
Thread-10 - Removed: 702 | Queue size: 29
Thread-10 - Removed: 703 | Queue size: 28
Thread-10 - Removed: 704 | Queue size: 27
Thread-10 - Removed: 705 | Queue size: 26
Thread-10 - Removed: 706 | Queue size: 25
Thread-10 - Removed: 707 | Queue size: 24
Thread-10 - Removed: 708 | Queue size: 23
Thread-10 - Removed: 709 | Queue size: 22
Thread-10 - Removed: 710 | Queue size: 21
Thread-10 - Removed: 711 | Queue size: 20
Thread-10 - Removed: 712 | Queue size: 19
Thread-10 - Removed: 713 | Queue size: 18
Thread-10 - Removed: 714 | Queue size: 17
Thread-10 - Removed: 715 | Queue size: 16
Thread-10 - Removed: 716 | Queue size: 15
Thread-10 - Removed: 717 | Queue size: 14
Thread-10 - Removed: 718 | Queue size: 13
Thread-10 - Removed: 719 | Queue size: 12
Thread-10 - Removed: 720 | Queue size: 11
Thread-10 - Removed: 721 | Queue size: 10
Thread-10 - Removed: 722 | Queue size: 9
Thread-10 - Removed: 723 | Queue size: 8
Thread-10 - Removed: 724 | Queue size: 7
Thread-10 - Removed: 725 | Queue size: 6
Thread-10 - Removed: 726 | Queue size: 5
Thread-10 - Removed: 727 | Queue size: 4
Thread-10 - Removed: 728 | Queue size: 3
Thread-10 - Removed: 729 | Queue size: 2
Thread-10 - Removed: 730 | Queue size: 1
Thread-10 - Removed: 731 | Queue size: 0
Thread-10 - Queue EMPTY, waiting...
Thread-9 - Added: 732 | Queue size: 1
Thread-9 - Added: 733 | Queue size: 2
Thread-9 - Added: 734 | Queue size: 3
Thread-9 - Added: 735 | Queue size: 4
Thread-9 - Added: 736 | Queue size: 5
Thread-9 - Added: 737 | Queue size: 6
Thread-9 - Added: 738 | Queue size: 7
Thread-9 - Added: 739 | Queue size: 8
Thread-9 - Added: 740 | Queue size: 9
Thread-9 - Added: 741 | Queue size: 10
Thread-9 - Added: 742 | Queue size: 11
Thread-9 - Added: 743 | Queue size: 12
Thread-9 - Added: 744 | Queue size: 13
Thread-9 - Added: 745 | Queue size: 14
Thread-9 - Added: 746 | Queue size: 15
Thread-9 - Added: 747 | Queue size: 16
Thread-9 - Added: 748 | Queue size: 17
Thread-9 - Added: 749 | Queue size: 18
Thread-9 - Added: 750 | Queue size: 19
Thread-9 - Added: 751 | Queue size: 20
Thread-9 - Added: 752 | Queue size: 21
Thread-9 - Added: 753 | Queue size: 22
Thread-9 - Added: 754 | Queue size: 23
Thread-9 - Added: 755 | Queue size: 24
Thread-9 - Added: 756 | Queue size: 25
Thread-9 - Added: 757 | Queue size: 26
Thread-9 - Added: 758 | Queue size: 27
Thread-9 - Added: 759 | Queue size: 28
Thread-9 - Added: 760 | Queue size: 29
Thread-9 - Added: 761 | Queue size: 30
Thread-9 - Added: 762 | Queue size: 31
Thread-9 - Added: 763 | Queue size: 32
Thread-9 - Added: 764 | Queue size: 33
Thread-9 - Added: 765 | Queue size: 34
Thread-9 - Added: 766 | Queue size: 35
Thread-9 - Added: 767 | Queue size: 36
Thread-9 - Added: 768 | Queue size: 37
Thread-9 - Added: 769 | Queue size: 38
Thread-9 - Added: 770 | Queue size: 39
Thread-9 - Added: 771 | Queue size: 40
Thread-9 - Added: 772 | Queue size: 41
Thread-9 - Added: 773 | Queue size: 42
Thread-9 - Added: 774 | Queue size: 43
Thread-9 - Added: 775 | Queue size: 44
Thread-9 - Added: 776 | Queue size: 45
Thread-9 - Added: 777 | Queue size: 46
Thread-9 - Added: 778 | Queue size: 47
Thread-9 - Added: 779 | Queue size: 48
Thread-9 - Added: 780 | Queue size: 49
Thread-9 - Added: 781 | Queue size: 50
Thread-9 - Queue FULL, waiting...
Thread-10 - Removed: 732 | Queue size: 49
Thread-10 - Removed: 733 | Queue size: 48
Thread-10 - Removed: 734 | Queue size: 47
Thread-10 - Removed: 735 | Queue size: 46
Thread-10 - Removed: 736 | Queue size: 45
Thread-10 - Removed: 737 | Queue size: 44
Thread-10 - Removed: 738 | Queue size: 43
Thread-10 - Removed: 739 | Queue size: 42
Thread-10 - Removed: 740 | Queue size: 41
Thread-10 - Removed: 741 | Queue size: 40
Thread-10 - Removed: 742 | Queue size: 39
Thread-10 - Removed: 743 | Queue size: 38
Thread-10 - Removed: 744 | Queue size: 37
Thread-10 - Removed: 745 | Queue size: 36
Thread-10 - Removed: 746 | Queue size: 35
Thread-10 - Removed: 747 | Queue size: 34
Thread-10 - Removed: 748 | Queue size: 33
Thread-10 - Removed: 749 | Queue size: 32
Thread-10 - Removed: 750 | Queue size: 31
Thread-10 - Removed: 751 | Queue size: 30
Thread-10 - Removed: 752 | Queue size: 29
Thread-10 - Removed: 753 | Queue size: 28
Thread-10 - Removed: 754 | Queue size: 27
Thread-10 - Removed: 755 | Queue size: 26
Thread-10 - Removed: 756 | Queue size: 25
Thread-10 - Removed: 757 | Queue size: 24
Thread-10 - Removed: 758 | Queue size: 23
Thread-10 - Removed: 759 | Queue size: 22
Thread-10 - Removed: 760 | Queue size: 21
Thread-10 - Removed: 761 | Queue size: 20
Thread-10 - Removed: 762 | Queue size: 19
Thread-10 - Removed: 763 | Queue size: 18
Thread-10 - Removed: 764 | Queue size: 17
Thread-10 - Removed: 765 | Queue size: 16
Thread-10 - Removed: 766 | Queue size: 15
Thread-10 - Removed: 767 | Queue size: 14
Thread-10 - Removed: 768 | Queue size: 13
Thread-10 - Removed: 769 | Queue size: 12
Thread-10 - Removed: 770 | Queue size: 11
Thread-10 - Removed: 771 | Queue size: 10
Thread-10 - Removed: 772 | Queue size: 9
Thread-10 - Removed: 773 | Queue size: 8
Thread-10 - Removed: 774 | Queue size: 7
Thread-10 - Removed: 775 | Queue size: 6
Thread-10 - Removed: 776 | Queue size: 5
Thread-10 - Removed: 777 | Queue size: 4
Thread-10 - Removed: 778 | Queue size: 3
Thread-10 - Removed: 779 | Queue size: 2
Thread-10 - Removed: 780 | Queue size: 1
Thread-10 - Removed: 781 | Queue size: 0
Thread-10 - Queue EMPTY, waiting...
Thread-9 - Added: 782 | Queue size: 1
Thread-9 - Added: 783 | Queue size: 2
Thread-9 - Added: 784 | Queue size: 3
Thread-9 - Added: 785 | Queue size: 4
Thread-9 - Added: 786 | Queue size: 5
Thread-9 - Added: 787 | Queue size: 6
Thread-9 - Added: 788 | Queue size: 7
Thread-9 - Added: 789 | Queue size: 8
Thread-9 - Added: 790 | Queue size: 9
Thread-9 - Added: 791 | Queue size: 10
Thread-9 - Added: 792 | Queue size: 11
Thread-9 - Added: 793 | Queue size: 12
Thread-9 - Added: 794 | Queue size: 13
Thread-9 - Added: 795 | Queue size: 14
Thread-9 - Added: 796 | Queue size: 15
Thread-9 - Added: 797 | Queue size: 16
Thread-9 - Added: 798 | Queue size: 17
Thread-9 - Added: 799 | Queue size: 18
Thread-9 - Added: 800 | Queue size: 19
Thread-9 - Added: 801 | Queue size: 20
Thread-9 - Added: 802 | Queue size: 21
Thread-9 - Added: 803 | Queue size: 22
Thread-9 - Added: 804 | Queue size: 23
Thread-9 - Added: 805 | Queue size: 24
Thread-9 - Added: 806 | Queue size: 25
Thread-9 - Added: 807 | Queue size: 26
Thread-9 - Added: 808 | Queue size: 27
Thread-9 - Added: 809 | Queue size: 28
Thread-9 - Added: 810 | Queue size: 29
Thread-9 - Added: 811 | Queue size: 30
Thread-9 - Added: 812 | Queue size: 31
Thread-10 - Removed: 782 | Queue size: 30
Thread-10 - Removed: 783 | Queue size: 29
Thread-10 - Removed: 784 | Queue size: 28
Thread-10 - Removed: 785 | Queue size: 27
Thread-10 - Removed: 786 | Queue size: 26
Thread-10 - Removed: 787 | Queue size: 25
Thread-10 - Removed: 788 | Queue size: 24
Thread-10 - Removed: 789 | Queue size: 23
Thread-10 - Removed: 790 | Queue size: 22
Thread-10 - Removed: 791 | Queue size: 21
Thread-10 - Removed: 792 | Queue size: 20
Thread-10 - Removed: 793 | Queue size: 19
Thread-10 - Removed: 794 | Queue size: 18
Thread-10 - Removed: 795 | Queue size: 17
Thread-10 - Removed: 796 | Queue size: 16
Thread-10 - Removed: 797 | Queue size: 15
Thread-10 - Removed: 798 | Queue size: 14
Thread-10 - Removed: 799 | Queue size: 13
Thread-10 - Removed: 800 | Queue size: 12
Thread-10 - Removed: 801 | Queue size: 11
Thread-10 - Removed: 802 | Queue size: 10
Thread-10 - Removed: 803 | Queue size: 9
Thread-10 - Removed: 804 | Queue size: 8
Thread-10 - Removed: 805 | Queue size: 7
Thread-10 - Removed: 806 | Queue size: 6
Thread-9 - Added: 813 | Queue size: 7
Thread-9 - Added: 814 | Queue size: 8
Thread-9 - Added: 815 | Queue size: 9
Thread-9 - Added: 816 | Queue size: 10
Thread-9 - Added: 817 | Queue size: 11
Thread-9 - Added: 818 | Queue size: 12
Thread-9 - Added: 819 | Queue size: 13
Thread-9 - Added: 820 | Queue size: 14
Thread-9 - Added: 821 | Queue size: 15
Thread-9 - Added: 822 | Queue size: 16
Thread-9 - Added: 823 | Queue size: 17
Thread-9 - Added: 824 | Queue size: 18
Thread-9 - Added: 825 | Queue size: 19
Thread-9 - Added: 826 | Queue size: 20
Thread-9 - Added: 827 | Queue size: 21
Thread-9 - Added: 828 | Queue size: 22
Thread-9 - Added: 829 | Queue size: 23
Thread-9 - Added: 830 | Queue size: 24
Thread-9 - Added: 831 | Queue size: 25
Thread-9 - Added: 832 | Queue size: 26
Thread-9 - Added: 833 | Queue size: 27
Thread-10 - Removed: 807 | Queue size: 26
Thread-10 - Removed: 808 | Queue size: 25
Thread-10 - Removed: 809 | Queue size: 24
Thread-10 - Removed: 810 | Queue size: 23
Thread-10 - Removed: 811 | Queue size: 22
Thread-10 - Removed: 812 | Queue size: 21
Thread-10 - Removed: 813 | Queue size: 20
Thread-10 - Removed: 814 | Queue size: 19
Thread-10 - Removed: 815 | Queue size: 18
Thread-10 - Removed: 816 | Queue size: 17
Thread-10 - Removed: 817 | Queue size: 16
Thread-10 - Removed: 818 | Queue size: 15
Thread-10 - Removed: 819 | Queue size: 14
Thread-10 - Removed: 820 | Queue size: 13
Thread-10 - Removed: 821 | Queue size: 12
Thread-10 - Removed: 822 | Queue size: 11
Thread-10 - Removed: 823 | Queue size: 10
Thread-10 - Removed: 824 | Queue size: 9
Thread-10 - Removed: 825 | Queue size: 8
Thread-10 - Removed: 826 | Queue size: 7
Thread-10 - Removed: 827 | Queue size: 6
Thread-10 - Removed: 828 | Queue size: 5
Thread-10 - Removed: 829 | Queue size: 4
Thread-10 - Removed: 830 | Queue size: 3
Thread-10 - Removed: 831 | Queue size: 2
Thread-10 - Removed: 832 | Queue size: 1
Thread-10 - Removed: 833 | Queue size: 0
Thread-9 - Added: 834 | Queue size: 1
Thread-9 - Added: 835 | Queue size: 2
Thread-9 - Added: 836 | Queue size: 3
Thread-9 - Added: 837 | Queue size: 4
Thread-9 - Added: 838 | Queue size: 5
Thread-9 - Added: 839 | Queue size: 6
Thread-9 - Added: 840 | Queue size: 7
Thread-9 - Added: 841 | Queue size: 8
Thread-9 - Added: 842 | Queue size: 9
Thread-9 - Added: 843 | Queue size: 10
Thread-9 - Added: 844 | Queue size: 11
Thread-9 - Added: 845 | Queue size: 12
Thread-9 - Added: 846 | Queue size: 13
Thread-9 - Added: 847 | Queue size: 14
Thread-9 - Added: 848 | Queue size: 15
Thread-9 - Added: 849 | Queue size: 16
Thread-9 - Added: 850 | Queue size: 17
Thread-9 - Added: 851 | Queue size: 18
Thread-9 - Added: 852 | Queue size: 19
Thread-9 - Added: 853 | Queue size: 20
Thread-9 - Added: 854 | Queue size: 21
Thread-9 - Added: 855 | Queue size: 22
Thread-9 - Added: 856 | Queue size: 23
Thread-9 - Added: 857 | Queue size: 24
Thread-9 - Added: 858 | Queue size: 25
Thread-9 - Added: 859 | Queue size: 26
Thread-9 - Added: 860 | Queue size: 27
Thread-9 - Added: 861 | Queue size: 28
Thread-9 - Added: 862 | Queue size: 29
Thread-9 - Added: 863 | Queue size: 30
Thread-9 - Added: 864 | Queue size: 31
Thread-9 - Added: 865 | Queue size: 32
Thread-9 - Added: 866 | Queue size: 33
Thread-9 - Added: 867 | Queue size: 34
Thread-9 - Added: 868 | Queue size: 35
Thread-9 - Added: 869 | Queue size: 36
Thread-9 - Added: 870 | Queue size: 37
Thread-9 - Added: 871 | Queue size: 38
Thread-9 - Added: 872 | Queue size: 39
Thread-9 - Added: 873 | Queue size: 40
Thread-9 - Added: 874 | Queue size: 41
Thread-9 - Added: 875 | Queue size: 42
Thread-9 - Added: 876 | Queue size: 43
Thread-9 - Added: 877 | Queue size: 44
Thread-9 - Added: 878 | Queue size: 45
Thread-9 - Added: 879 | Queue size: 46
Thread-9 - Added: 880 | Queue size: 47
Thread-9 - Added: 881 | Queue size: 48
Thread-9 - Added: 882 | Queue size: 49
Thread-9 - Added: 883 | Queue size: 50
Thread-9 - Queue FULL, waiting...
Thread-10 - Removed: 834 | Queue size: 49
Thread-10 - Removed: 835 | Queue size: 48
Thread-10 - Removed: 836 | Queue size: 47
Thread-10 - Removed: 837 | Queue size: 46
Thread-10 - Removed: 838 | Queue size: 45
Thread-10 - Removed: 839 | Queue size: 44
Thread-10 - Removed: 840 | Queue size: 43
Thread-10 - Removed: 841 | Queue size: 42
Thread-10 - Removed: 842 | Queue size: 41
Thread-10 - Removed: 843 | Queue size: 40
Thread-10 - Removed: 844 | Queue size: 39
Thread-10 - Removed: 845 | Queue size: 38
Thread-10 - Removed: 846 | Queue size: 37
Thread-10 - Removed: 847 | Queue size: 36
Thread-10 - Removed: 848 | Queue size: 35
Thread-10 - Removed: 849 | Queue size: 34
Thread-10 - Removed: 850 | Queue size: 33
Thread-10 - Removed: 851 | Queue size: 32
Thread-10 - Removed: 852 | Queue size: 31
Thread-10 - Removed: 853 | Queue size: 30
Thread-10 - Removed: 854 | Queue size: 29
Thread-10 - Removed: 855 | Queue size: 28
Thread-10 - Removed: 856 | Queue size: 27
Thread-10 - Removed: 857 | Queue size: 26
Thread-10 - Removed: 858 | Queue size: 25
Thread-10 - Removed: 859 | Queue size: 24
Thread-10 - Removed: 860 | Queue size: 23
Thread-10 - Removed: 861 | Queue size: 22
Thread-10 - Removed: 862 | Queue size: 21
Thread-10 - Removed: 863 | Queue size: 20
Thread-10 - Removed: 864 | Queue size: 19
Thread-10 - Removed: 865 | Queue size: 18
Thread-10 - Removed: 866 | Queue size: 17
Thread-10 - Removed: 867 | Queue size: 16
Thread-10 - Removed: 868 | Queue size: 15
Thread-10 - Removed: 869 | Queue size: 14
Thread-10 - Removed: 870 | Queue size: 13
Thread-10 - Removed: 871 | Queue size: 12
Thread-10 - Removed: 872 | Queue size: 11
Thread-10 - Removed: 873 | Queue size: 10
Thread-10 - Removed: 874 | Queue size: 9
Thread-10 - Removed: 875 | Queue size: 8
Thread-10 - Removed: 876 | Queue size: 7
Thread-10 - Removed: 877 | Queue size: 6
Thread-10 - Removed: 878 | Queue size: 5
Thread-10 - Removed: 879 | Queue size: 4
Thread-10 - Removed: 880 | Queue size: 3
Thread-10 - Removed: 881 | Queue size: 2
Thread-10 - Removed: 882 | Queue size: 1
Thread-10 - Removed: 883 | Queue size: 0
Thread-10 - Queue EMPTY, waiting...
Thread-9 - Added: 884 | Queue size: 1
Thread-9 - Added: 885 | Queue size: 2
Thread-9 - Added: 886 | Queue size: 3
Thread-9 - Added: 887 | Queue size: 4
Thread-9 - Added: 888 | Queue size: 5
Thread-9 - Added: 889 | Queue size: 6
Thread-9 - Added: 890 | Queue size: 7
Thread-9 - Added: 891 | Queue size: 8
Thread-9 - Added: 892 | Queue size: 9
Thread-9 - Added: 893 | Queue size: 10
Thread-9 - Added: 894 | Queue size: 11
Thread-9 - Added: 895 | Queue size: 12
Thread-9 - Added: 896 | Queue size: 13
Thread-9 - Added: 897 | Queue size: 14
Thread-9 - Added: 898 | Queue size: 15
Thread-9 - Added: 899 | Queue size: 16
Thread-9 - Added: 900 | Queue size: 17
Thread-9 - Added: 901 | Queue size: 18
Thread-9 - Added: 902 | Queue size: 19
Thread-9 - Added: 903 | Queue size: 20
Thread-9 - Added: 904 | Queue size: 21
Thread-9 - Added: 905 | Queue size: 22
Thread-9 - Added: 906 | Queue size: 23
Thread-9 - Added: 907 | Queue size: 24
Thread-9 - Added: 908 | Queue size: 25
Thread-9 - Added: 909 | Queue size: 26
Thread-9 - Added: 910 | Queue size: 27
Thread-9 - Added: 911 | Queue size: 28
Thread-9 - Added: 912 | Queue size: 29
Thread-9 - Added: 913 | Queue size: 30
Thread-9 - Added: 914 | Queue size: 31
Thread-9 - Added: 915 | Queue size: 32
Thread-9 - Added: 916 | Queue size: 33
Thread-9 - Added: 917 | Queue size: 34
Thread-9 - Added: 918 | Queue size: 35
Thread-9 - Added: 919 | Queue size: 36
Thread-9 - Added: 920 | Queue size: 37
Thread-9 - Added: 921 | Queue size: 38
Thread-9 - Added: 922 | Queue size: 39
Thread-9 - Added: 923 | Queue size: 40
Thread-9 - Added: 924 | Queue size: 41
Thread-9 - Added: 925 | Queue size: 42
Thread-9 - Added: 926 | Queue size: 43
Thread-9 - Added: 927 | Queue size: 44
Thread-9 - Added: 928 | Queue size: 45
Thread-9 - Added: 929 | Queue size: 46
Thread-9 - Added: 930 | Queue size: 47
Thread-9 - Added: 931 | Queue size: 48
Thread-9 - Added: 932 | Queue size: 49
Thread-9 - Added: 933 | Queue size: 50
Thread-9 - Queue FULL, waiting...
Thread-10 - Removed: 884 | Queue size: 49
Thread-10 - Removed: 885 | Queue size: 48
Thread-10 - Removed: 886 | Queue size: 47
Thread-10 - Removed: 887 | Queue size: 46
Thread-10 - Removed: 888 | Queue size: 45
Thread-10 - Removed: 889 | Queue size: 44
Thread-10 - Removed: 890 | Queue size: 43
Thread-10 - Removed: 891 | Queue size: 42
Thread-10 - Removed: 892 | Queue size: 41
Thread-9 - Added: 934 | Queue size: 42
Thread-9 - Added: 935 | Queue size: 43
Thread-10 - Removed: 893 | Queue size: 42
Thread-10 - Removed: 894 | Queue size: 41
Thread-10 - Removed: 895 | Queue size: 40
Thread-10 - Removed: 896 | Queue size: 39
Thread-10 - Removed: 897 | Queue size: 38
Thread-10 - Removed: 898 | Queue size: 37
Thread-10 - Removed: 899 | Queue size: 36
Thread-10 - Removed: 900 | Queue size: 35
Thread-10 - Removed: 901 | Queue size: 34
Thread-10 - Removed: 902 | Queue size: 33
Thread-10 - Removed: 903 | Queue size: 32
Thread-10 - Removed: 904 | Queue size: 31
Thread-10 - Removed: 905 | Queue size: 30
Thread-10 - Removed: 906 | Queue size: 29
Thread-10 - Removed: 907 | Queue size: 28
Thread-10 - Removed: 908 | Queue size: 27
Thread-10 - Removed: 909 | Queue size: 26
Thread-10 - Removed: 910 | Queue size: 25
Thread-10 - Removed: 911 | Queue size: 24
Thread-10 - Removed: 912 | Queue size: 23
Thread-10 - Removed: 913 | Queue size: 22
Thread-10 - Removed: 914 | Queue size: 21
Thread-10 - Removed: 915 | Queue size: 20
Thread-10 - Removed: 916 | Queue size: 19
Thread-10 - Removed: 917 | Queue size: 18
Thread-10 - Removed: 918 | Queue size: 17
Thread-9 - Added: 936 | Queue size: 18
Thread-9 - Added: 937 | Queue size: 19
Thread-9 - Added: 938 | Queue size: 20
Thread-9 - Added: 939 | Queue size: 21
Thread-9 - Added: 940 | Queue size: 22
Thread-9 - Added: 941 | Queue size: 23
Thread-9 - Added: 942 | Queue size: 24
Thread-9 - Added: 943 | Queue size: 25
Thread-9 - Added: 944 | Queue size: 26
Thread-9 - Added: 945 | Queue size: 27
Thread-9 - Added: 946 | Queue size: 28
Thread-9 - Added: 947 | Queue size: 29
Thread-9 - Added: 948 | Queue size: 30
Thread-9 - Added: 949 | Queue size: 31
Thread-9 - Added: 950 | Queue size: 32
Thread-9 - Added: 951 | Queue size: 33
Thread-9 - Added: 952 | Queue size: 34
Thread-9 - Added: 953 | Queue size: 35
Thread-9 - Added: 954 | Queue size: 36
Thread-9 - Added: 955 | Queue size: 37
Thread-9 - Added: 956 | Queue size: 38
Thread-9 - Added: 957 | Queue size: 39
Thread-9 - Added: 958 | Queue size: 40
Thread-9 - Added: 959 | Queue size: 41
Thread-9 - Added: 960 | Queue size: 42
Thread-9 - Added: 961 | Queue size: 43
Thread-9 - Added: 962 | Queue size: 44
Thread-10 - Removed: 919 | Queue size: 43
Thread-10 - Removed: 920 | Queue size: 42
Thread-10 - Removed: 921 | Queue size: 41
Thread-10 - Removed: 922 | Queue size: 40
Thread-10 - Removed: 923 | Queue size: 39
Thread-10 - Removed: 924 | Queue size: 38
Thread-10 - Removed: 925 | Queue size: 37
Thread-10 - Removed: 926 | Queue size: 36
Thread-10 - Removed: 927 | Queue size: 35
Thread-10 - Removed: 928 | Queue size: 34
Thread-10 - Removed: 929 | Queue size: 33
Thread-10 - Removed: 930 | Queue size: 32
Thread-10 - Removed: 931 | Queue size: 31
Thread-10 - Removed: 932 | Queue size: 30
Thread-10 - Removed: 933 | Queue size: 29
Thread-10 - Removed: 934 | Queue size: 28
Thread-10 - Removed: 935 | Queue size: 27
Thread-10 - Removed: 936 | Queue size: 26
Thread-10 - Removed: 937 | Queue size: 25
Thread-10 - Removed: 938 | Queue size: 24
Thread-10 - Removed: 939 | Queue size: 23
Thread-9 - Added: 963 | Queue size: 24
Thread-9 - Added: 964 | Queue size: 25
Thread-9 - Added: 965 | Queue size: 26
Thread-9 - Added: 966 | Queue size: 27
Thread-9 - Added: 967 | Queue size: 28
Thread-9 - Added: 968 | Queue size: 29
Thread-9 - Added: 969 | Queue size: 30
Thread-9 - Added: 970 | Queue size: 31
Thread-9 - Added: 971 | Queue size: 32
Thread-9 - Added: 972 | Queue size: 33
Thread-9 - Added: 973 | Queue size: 34
Thread-9 - Added: 974 | Queue size: 35
Thread-9 - Added: 975 | Queue size: 36
Thread-9 - Added: 976 | Queue size: 37
Thread-9 - Added: 977 | Queue size: 38
Thread-9 - Added: 978 | Queue size: 39
Thread-9 - Added: 979 | Queue size: 40
Thread-9 - Added: 980 | Queue size: 41
Thread-9 - Added: 981 | Queue size: 42
Thread-9 - Added: 982 | Queue size: 43
Thread-9 - Added: 983 | Queue size: 44
Thread-9 - Added: 984 | Queue size: 45
Thread-9 - Added: 985 | Queue size: 46
Thread-9 - Added: 986 | Queue size: 47
Thread-9 - Added: 987 | Queue size: 48
Thread-9 - Added: 988 | Queue size: 49
Thread-9 - Added: 989 | Queue size: 50
Thread-9 - Queue FULL, waiting...
Thread-10 - Removed: 940 | Queue size: 49
Thread-10 - Removed: 941 | Queue size: 48
Thread-10 - Removed: 942 | Queue size: 47
Thread-10 - Removed: 943 | Queue size: 46
Thread-10 - Removed: 944 | Queue size: 45
Thread-10 - Removed: 945 | Queue size: 44
Thread-10 - Removed: 946 | Queue size: 43
Thread-10 - Removed: 947 | Queue size: 42
Thread-10 - Removed: 948 | Queue size: 41
Thread-10 - Removed: 949 | Queue size: 40
Thread-10 - Removed: 950 | Queue size: 39
Thread-10 - Removed: 951 | Queue size: 38
Thread-10 - Removed: 952 | Queue size: 37
Thread-10 - Removed: 953 | Queue size: 36
Thread-9 - Added: 990 | Queue size: 37
Thread-9 - Added: 991 | Queue size: 38
Thread-9 - Added: 992 | Queue size: 39
Thread-9 - Added: 993 | Queue size: 40
Thread-9 - Added: 994 | Queue size: 41
Thread-9 - Added: 995 | Queue size: 42
Thread-9 - Added: 996 | Queue size: 43
Thread-9 - Added: 997 | Queue size: 44
Thread-9 - Added: 998 | Queue size: 45
Thread-9 - Added: 999 | Queue size: 46
Thread-10 - Removed: 954 | Queue size: 45
Thread-10 - Removed: 955 | Queue size: 44
Thread-10 - Removed: 956 | Queue size: 43
Thread-10 - Removed: 957 | Queue size: 42
Thread-10 - Removed: 958 | Queue size: 41
Thread-10 - Removed: 959 | Queue size: 40
Thread-10 - Removed: 960 | Queue size: 39
Thread-10 - Removed: 961 | Queue size: 38
Thread-10 - Removed: 962 | Queue size: 37
Thread-10 - Removed: 963 | Queue size: 36
Thread-10 - Removed: 964 | Queue size: 35
Thread-10 - Removed: 965 | Queue size: 34
Thread-10 - Removed: 966 | Queue size: 33
Thread-10 - Removed: 967 | Queue size: 32
Thread-10 - Removed: 968 | Queue size: 31
Thread-10 - Removed: 969 | Queue size: 30
Thread-10 - Removed: 970 | Queue size: 29
Thread-10 - Removed: 971 | Queue size: 28
Thread-10 - Removed: 972 | Queue size: 27
Thread-10 - Removed: 973 | Queue size: 26
Thread-10 - Removed: 974 | Queue size: 25
Thread-10 - Removed: 975 | Queue size: 24
Thread-10 - Removed: 976 | Queue size: 23
Thread-10 - Removed: 977 | Queue size: 22
Thread-10 - Removed: 978 | Queue size: 21
Thread-10 - Removed: 979 | Queue size: 20
Thread-10 - Removed: 980 | Queue size: 19
Thread-10 - Removed: 981 | Queue size: 18
Thread-10 - Removed: 982 | Queue size: 17
Thread-10 - Removed: 983 | Queue size: 16
Thread-10 - Removed: 984 | Queue size: 15
Thread-10 - Removed: 985 | Queue size: 14
Thread-10 - Removed: 986 | Queue size: 13
Thread-10 - Removed: 987 | Queue size: 12
Thread-10 - Removed: 988 | Queue size: 11
Thread-10 - Removed: 989 | Queue size: 10
Thread-10 - Removed: 990 | Queue size: 9
Thread-10 - Removed: 991 | Queue size: 8
Thread-10 - Removed: 992 | Queue size: 7
Thread-10 - Removed: 993 | Queue size: 6
Thread-10 - Removed: 994 | Queue size: 5
Thread-10 - Removed: 995 | Queue size: 4
Thread-10 - Removed: 996 | Queue size: 3
Thread-10 - Removed: 997 | Queue size: 2
Thread-10 - Removed: 998 | Queue size: 1
Thread-10 - Removed: 999 | Queue size: 0
Transferred 1000 items in 25ms
]]></system-out>
  </testcase>
</testsuite>